specperl /home/kk/skpupil/dev/asterinas/regression/apps/speccpu2006/bin/specpp  -DSPEC_CPU_NO_HOLLERITH -DSPEC_CPU -DNDEBUG -DSPEC_CPU_LP64   aldeci.F -o aldeci.fppized.f
/usr/bin/gfortran -c -o aldeci.fppized.o    -O2       -DSPEC_CPU_LP64 -funconstrained-commons -std=legacy        aldeci.fppized.f
specperl /home/kk/skpupil/dev/asterinas/regression/apps/speccpu2006/bin/specpp  -DSPEC_CPU_NO_HOLLERITH -DSPEC_CPU -DNDEBUG -DSPEC_CPU_LP64   algnci.F -o algnci.fppized.f
/usr/bin/gfortran -c -o algnci.fppized.o    -O2       -DSPEC_CPU_LP64 -funconstrained-commons -std=legacy        algnci.fppized.f
specperl /home/kk/skpupil/dev/asterinas/regression/apps/speccpu2006/bin/specpp  -DSPEC_CPU_NO_HOLLERITH -DSPEC_CPU -DNDEBUG -DSPEC_CPU_LP64   basecp.F -o basecp.fppized.f
/usr/bin/gfortran -c -o basecp.fppized.o    -O2       -DSPEC_CPU_LP64 -funconstrained-commons -std=legacy        basecp.fppized.f
/usr/bin/gfortran -c -o basext.o    -O2       -DSPEC_CPU_LP64 -funconstrained-commons -std=legacy        basext.f
/usr/bin/gfortran -c -o bashuz.o    -O2       -DSPEC_CPU_LP64 -funconstrained-commons -std=legacy        bashuz.f
/usr/bin/gfortran -c -o bashz2.o    -O2       -DSPEC_CPU_LP64 -funconstrained-commons -std=legacy        bashz2.f
specperl /home/kk/skpupil/dev/asterinas/regression/apps/speccpu2006/bin/specpp  -DSPEC_CPU_NO_HOLLERITH -DSPEC_CPU -DNDEBUG -DSPEC_CPU_LP64   basn21.F -o basn21.fppized.f
/usr/bin/gfortran -c -o basn21.fppized.o    -O2       -DSPEC_CPU_LP64 -funconstrained-commons -std=legacy        basn21.fppized.f
/usr/bin/gfortran -c -o basn31.o    -O2       -DSPEC_CPU_LP64 -funconstrained-commons -std=legacy        basn31.f
specperl /home/kk/skpupil/dev/asterinas/regression/apps/speccpu2006/bin/specpp  -DSPEC_CPU_NO_HOLLERITH -DSPEC_CPU -DNDEBUG -DSPEC_CPU_LP64   bassto.F -o bassto.fppized.f
/usr/bin/gfortran -c -o bassto.fppized.o    -O2       -DSPEC_CPU_LP64 -funconstrained-commons -std=legacy        bassto.fppized.f
specperl /home/kk/skpupil/dev/asterinas/regression/apps/speccpu2006/bin/specpp  -DSPEC_CPU_NO_HOLLERITH -DSPEC_CPU -DNDEBUG -DSPEC_CPU_LP64   blas.F -o blas.fppized.f
/usr/bin/gfortran -c -o blas.fppized.o    -O2       -DSPEC_CPU_LP64 -funconstrained-commons -std=legacy        blas.fppized.f
/usr/bin/gfortran -c -o ccaux.o    -O2       -DSPEC_CPU_LP64 -funconstrained-commons -std=legacy        ccaux.f
specperl /home/kk/skpupil/dev/asterinas/regression/apps/speccpu2006/bin/specpp  -DSPEC_CPU_NO_HOLLERITH -DSPEC_CPU -DNDEBUG -DSPEC_CPU_LP64   ccsdt.F -o ccsdt.fppized.f
/usr/bin/gfortran -c -o ccsdt.fppized.o    -O2       -DSPEC_CPU_LP64 -funconstrained-commons -std=legacy        ccsdt.fppized.f
specperl /home/kk/skpupil/dev/asterinas/regression/apps/speccpu2006/bin/specpp  -DSPEC_CPU_NO_HOLLERITH -DSPEC_CPU -DNDEBUG -DSPEC_CPU_LP64   chgpen.F -o chgpen.fppized.f
/usr/bin/gfortran -c -o chgpen.fppized.o    -O2       -DSPEC_CPU_LP64 -funconstrained-commons -std=legacy        chgpen.fppized.f
specperl /home/kk/skpupil/dev/asterinas/regression/apps/speccpu2006/bin/specpp  -DSPEC_CPU_NO_HOLLERITH -DSPEC_CPU -DNDEBUG -DSPEC_CPU_LP64   cisgrd.F -o cisgrd.fppized.f
/usr/bin/gfortran -c -o cisgrd.fppized.o    -O2       -DSPEC_CPU_LP64 -funconstrained-commons -std=legacy        cisgrd.fppized.f
specperl /home/kk/skpupil/dev/asterinas/regression/apps/speccpu2006/bin/specpp  -DSPEC_CPU_NO_HOLLERITH -DSPEC_CPU -DNDEBUG -DSPEC_CPU_LP64   cosmo.F -o cosmo.fppized.f
/usr/bin/gfortran -c -o cosmo.fppized.o    -O2       -DSPEC_CPU_LP64 -funconstrained-commons -std=legacy        cosmo.fppized.f
specperl /home/kk/skpupil/dev/asterinas/regression/apps/speccpu2006/bin/specpp  -DSPEC_CPU_NO_HOLLERITH -DSPEC_CPU -DNDEBUG -DSPEC_CPU_LP64   cphf.F -o cphf.fppized.f
/usr/bin/gfortran -c -o cphf.fppized.o    -O2       -DSPEC_CPU_LP64 -funconstrained-commons -std=legacy        cphf.fppized.f
/usr/bin/gfortran -c -o cpmchf.o    -O2       -DSPEC_CPU_LP64 -funconstrained-commons -std=legacy        cpmchf.f
specperl /home/kk/skpupil/dev/asterinas/regression/apps/speccpu2006/bin/specpp  -DSPEC_CPU_NO_HOLLERITH -DSPEC_CPU -DNDEBUG -DSPEC_CPU_LP64   cprohf.F -o cprohf.fppized.f
/usr/bin/gfortran -c -o cprohf.fppized.o    -O2       -DSPEC_CPU_LP64 -funconstrained-commons -std=legacy        cprohf.fppized.f
specperl /home/kk/skpupil/dev/asterinas/regression/apps/speccpu2006/bin/specpp  -DSPEC_CPU_NO_HOLLERITH -DSPEC_CPU -DNDEBUG -DSPEC_CPU_LP64   ddi.F -o ddi.fppized.f
/usr/bin/gfortran -c -o ddi.fppized.o    -O2       -DSPEC_CPU_LP64 -funconstrained-commons -std=legacy        ddi.fppized.f
specperl /home/kk/skpupil/dev/asterinas/regression/apps/speccpu2006/bin/specpp  -DSPEC_CPU_NO_HOLLERITH -DSPEC_CPU -DNDEBUG -DSPEC_CPU_LP64   delocl.F -o delocl.fppized.f
/usr/bin/gfortran -c -o delocl.fppized.o    -O2       -DSPEC_CPU_LP64 -funconstrained-commons -std=legacy        delocl.fppized.f
specperl /home/kk/skpupil/dev/asterinas/regression/apps/speccpu2006/bin/specpp  -DSPEC_CPU_NO_HOLLERITH -DSPEC_CPU -DNDEBUG -DSPEC_CPU_LP64   dft.F -o dft.fppized.f
/usr/bin/gfortran -c -o dft.fppized.o    -O2       -DSPEC_CPU_LP64 -funconstrained-commons -std=legacy        dft.fppized.f
specperl /home/kk/skpupil/dev/asterinas/regression/apps/speccpu2006/bin/specpp  -DSPEC_CPU_NO_HOLLERITH -DSPEC_CPU -DNDEBUG -DSPEC_CPU_LP64   dftaux.F -o dftaux.fppized.f
/usr/bin/gfortran -c -o dftaux.fppized.o    -O2       -DSPEC_CPU_LP64 -funconstrained-commons -std=legacy        dftaux.fppized.f
specperl /home/kk/skpupil/dev/asterinas/regression/apps/speccpu2006/bin/specpp  -DSPEC_CPU_NO_HOLLERITH -DSPEC_CPU -DNDEBUG -DSPEC_CPU_LP64   dftexc.F -o dftexc.fppized.f
/usr/bin/gfortran -c -o dftexc.fppized.o    -O2       -DSPEC_CPU_LP64 -funconstrained-commons -std=legacy        dftexc.fppized.f
/usr/bin/gfortran -c -o dftfun.o    -O2       -DSPEC_CPU_LP64 -funconstrained-commons -std=legacy        dftfun.f
specperl /home/kk/skpupil/dev/asterinas/regression/apps/speccpu2006/bin/specpp  -DSPEC_CPU_NO_HOLLERITH -DSPEC_CPU -DNDEBUG -DSPEC_CPU_LP64   dftgrd.F -o dftgrd.fppized.f
/usr/bin/gfortran -c -o dftgrd.fppized.o    -O2       -DSPEC_CPU_LP64 -funconstrained-commons -std=legacy        dftgrd.fppized.f
specperl /home/kk/skpupil/dev/asterinas/regression/apps/speccpu2006/bin/specpp  -DSPEC_CPU_NO_HOLLERITH -DSPEC_CPU -DNDEBUG -DSPEC_CPU_LP64   dftint.F -o dftint.fppized.f
/usr/bin/gfortran -c -o dftint.fppized.o    -O2       -DSPEC_CPU_LP64 -funconstrained-commons -std=legacy        dftint.fppized.f
/usr/bin/gfortran -c -o dgeev.o    -O2       -DSPEC_CPU_LP64 -funconstrained-commons -std=legacy        dgeev.f
specperl /home/kk/skpupil/dev/asterinas/regression/apps/speccpu2006/bin/specpp  -DSPEC_CPU_NO_HOLLERITH -DSPEC_CPU -DNDEBUG -DSPEC_CPU_LP64   dmulti.F -o dmulti.fppized.f
/usr/bin/gfortran -c -o dmulti.fppized.o    -O2       -DSPEC_CPU_LP64 -funconstrained-commons -std=legacy        dmulti.fppized.f
specperl /home/kk/skpupil/dev/asterinas/regression/apps/speccpu2006/bin/specpp  -DSPEC_CPU_NO_HOLLERITH -DSPEC_CPU -DNDEBUG -DSPEC_CPU_LP64   drc.F -o drc.fppized.f
/usr/bin/gfortran -c -o drc.fppized.o    -O2       -DSPEC_CPU_LP64 -funconstrained-commons -std=legacy        drc.fppized.f
specperl /home/kk/skpupil/dev/asterinas/regression/apps/speccpu2006/bin/specpp  -DSPEC_CPU_NO_HOLLERITH -DSPEC_CPU -DNDEBUG -DSPEC_CPU_LP64   dummygetenv.F -o dummygetenv.fppized.f
/usr/bin/gfortran -c -o dummygetenv.fppized.o    -O2       -DSPEC_CPU_LP64 -funconstrained-commons -std=legacy        dummygetenv.fppized.f
specperl /home/kk/skpupil/dev/asterinas/regression/apps/speccpu2006/bin/specpp  -DSPEC_CPU_NO_HOLLERITH -DSPEC_CPU -DNDEBUG -DSPEC_CPU_LP64   ecp.F -o ecp.fppized.f
/usr/bin/gfortran -c -o ecp.fppized.o    -O2       -DSPEC_CPU_LP64 -funconstrained-commons -std=legacy        ecp.fppized.f
specperl /home/kk/skpupil/dev/asterinas/regression/apps/speccpu2006/bin/specpp  -DSPEC_CPU_NO_HOLLERITH -DSPEC_CPU -DNDEBUG -DSPEC_CPU_LP64   ecpder.F -o ecpder.fppized.f
/usr/bin/gfortran -c -o ecpder.fppized.o    -O2       -DSPEC_CPU_LP64 -funconstrained-commons -std=legacy        ecpder.fppized.f
specperl /home/kk/skpupil/dev/asterinas/regression/apps/speccpu2006/bin/specpp  -DSPEC_CPU_NO_HOLLERITH -DSPEC_CPU -DNDEBUG -DSPEC_CPU_LP64   ecplib.F -o ecplib.fppized.f
/usr/bin/gfortran -c -o ecplib.fppized.o    -O2       -DSPEC_CPU_LP64 -funconstrained-commons -std=legacy        ecplib.fppized.f
/usr/bin/gfortran -c -o ecppot.o    -O2       -DSPEC_CPU_LP64 -funconstrained-commons -std=legacy        ecppot.f
specperl /home/kk/skpupil/dev/asterinas/regression/apps/speccpu2006/bin/specpp  -DSPEC_CPU_NO_HOLLERITH -DSPEC_CPU -DNDEBUG -DSPEC_CPU_LP64   efdrvr.F -o efdrvr.fppized.f
/usr/bin/gfortran -c -o efdrvr.fppized.o    -O2       -DSPEC_CPU_LP64 -funconstrained-commons -std=legacy        efdrvr.fppized.f
/usr/bin/gfortran -c -o efelec.o    -O2       -DSPEC_CPU_LP64 -funconstrained-commons -std=legacy        efelec.f
specperl /home/kk/skpupil/dev/asterinas/regression/apps/speccpu2006/bin/specpp  -DSPEC_CPU_NO_HOLLERITH -DSPEC_CPU -DNDEBUG -DSPEC_CPU_LP64   efgrd2.F -o efgrd2.fppized.f
/usr/bin/gfortran -c -o efgrd2.fppized.o    -O2       -DSPEC_CPU_LP64 -funconstrained-commons -std=legacy        efgrd2.fppized.f
specperl /home/kk/skpupil/dev/asterinas/regression/apps/speccpu2006/bin/specpp  -DSPEC_CPU_NO_HOLLERITH -DSPEC_CPU -DNDEBUG -DSPEC_CPU_LP64   efgrda.F -o efgrda.fppized.f
/usr/bin/gfortran -c -o efgrda.fppized.o    -O2       -DSPEC_CPU_LP64 -funconstrained-commons -std=legacy        efgrda.fppized.f
specperl /home/kk/skpupil/dev/asterinas/regression/apps/speccpu2006/bin/specpp  -DSPEC_CPU_NO_HOLLERITH -DSPEC_CPU -DNDEBUG -DSPEC_CPU_LP64   efgrdb.F -o efgrdb.fppized.f
/usr/bin/gfortran -c -o efgrdb.fppized.o    -O2       -DSPEC_CPU_LP64 -funconstrained-commons -std=legacy        efgrdb.fppized.f
specperl /home/kk/skpupil/dev/asterinas/regression/apps/speccpu2006/bin/specpp  -DSPEC_CPU_NO_HOLLERITH -DSPEC_CPU -DNDEBUG -DSPEC_CPU_LP64   efgrdc.F -o efgrdc.fppized.f
/usr/bin/gfortran -c -o efgrdc.fppized.o    -O2       -DSPEC_CPU_LP64 -funconstrained-commons -std=legacy        efgrdc.fppized.f
specperl /home/kk/skpupil/dev/asterinas/regression/apps/speccpu2006/bin/specpp  -DSPEC_CPU_NO_HOLLERITH -DSPEC_CPU -DNDEBUG -DSPEC_CPU_LP64   efinp.F -o efinp.fppized.f
/usr/bin/gfortran -c -o efinp.fppized.o    -O2       -DSPEC_CPU_LP64 -funconstrained-commons -std=legacy        efinp.fppized.f
specperl /home/kk/skpupil/dev/asterinas/regression/apps/speccpu2006/bin/specpp  -DSPEC_CPU_NO_HOLLERITH -DSPEC_CPU -DNDEBUG -DSPEC_CPU_LP64   efinta.F -o efinta.fppized.f
/usr/bin/gfortran -c -o efinta.fppized.o    -O2       -DSPEC_CPU_LP64 -funconstrained-commons -std=legacy        efinta.fppized.f
specperl /home/kk/skpupil/dev/asterinas/regression/apps/speccpu2006/bin/specpp  -DSPEC_CPU_NO_HOLLERITH -DSPEC_CPU -DNDEBUG -DSPEC_CPU_LP64   efintb.F -o efintb.fppized.f
/usr/bin/gfortran -c -o efintb.fppized.o    -O2       -DSPEC_CPU_LP64 -funconstrained-commons -std=legacy        efintb.fppized.f
specperl /home/kk/skpupil/dev/asterinas/regression/apps/speccpu2006/bin/specpp  -DSPEC_CPU_NO_HOLLERITH -DSPEC_CPU -DNDEBUG -DSPEC_CPU_LP64   efpaul.F -o efpaul.fppized.f
/usr/bin/gfortran -c -o efpaul.fppized.o    -O2       -DSPEC_CPU_LP64 -funconstrained-commons -std=legacy        efpaul.fppized.f
specperl /home/kk/skpupil/dev/asterinas/regression/apps/speccpu2006/bin/specpp  -DSPEC_CPU_NO_HOLLERITH -DSPEC_CPU -DNDEBUG -DSPEC_CPU_LP64   efpcm.F -o efpcm.fppized.f
/usr/bin/gfortran -c -o efpcm.fppized.o    -O2       -DSPEC_CPU_LP64 -funconstrained-commons -std=legacy        efpcm.fppized.f
specperl /home/kk/skpupil/dev/asterinas/regression/apps/speccpu2006/bin/specpp  -DSPEC_CPU_NO_HOLLERITH -DSPEC_CPU -DNDEBUG -DSPEC_CPU_LP64   efpcov.F -o efpcov.fppized.f
/usr/bin/gfortran -c -o efpcov.fppized.o    -O2       -DSPEC_CPU_LP64 -funconstrained-commons -std=legacy        efpcov.fppized.f
specperl /home/kk/skpupil/dev/asterinas/regression/apps/speccpu2006/bin/specpp  -DSPEC_CPU_NO_HOLLERITH -DSPEC_CPU -DNDEBUG -DSPEC_CPU_LP64   eigen.F -o eigen.fppized.f
/usr/bin/gfortran -c -o eigen.fppized.o    -O2       -DSPEC_CPU_LP64 -funconstrained-commons -std=legacy        eigen.fppized.f
specperl /home/kk/skpupil/dev/asterinas/regression/apps/speccpu2006/bin/specpp  -DSPEC_CPU_NO_HOLLERITH -DSPEC_CPU -DNDEBUG -DSPEC_CPU_LP64   eomcc.F -o eomcc.fppized.f
/usr/bin/gfortran -c -o eomcc.fppized.o    -O2       -DSPEC_CPU_LP64 -funconstrained-commons -std=legacy        eomcc.fppized.f
specperl /home/kk/skpupil/dev/asterinas/regression/apps/speccpu2006/bin/specpp  -DSPEC_CPU_NO_HOLLERITH -DSPEC_CPU -DNDEBUG -DSPEC_CPU_LP64   ffield.F -o ffield.fppized.f
/usr/bin/gfortran -c -o ffield.fppized.o    -O2       -DSPEC_CPU_LP64 -funconstrained-commons -std=legacy        ffield.fppized.f
specperl /home/kk/skpupil/dev/asterinas/regression/apps/speccpu2006/bin/specpp  -DSPEC_CPU_NO_HOLLERITH -DSPEC_CPU -DNDEBUG -DSPEC_CPU_LP64   frfmt.F -o frfmt.fppized.f
/usr/bin/gfortran -c -o frfmt.fppized.o    -O2       -DSPEC_CPU_LP64 -funconstrained-commons -std=legacy        frfmt.fppized.f
specperl /home/kk/skpupil/dev/asterinas/regression/apps/speccpu2006/bin/specpp  -DSPEC_CPU_NO_HOLLERITH -DSPEC_CPU -DNDEBUG -DSPEC_CPU_LP64   fsodci.F -o fsodci.fppized.f
/usr/bin/gfortran -c -o fsodci.fppized.o    -O2       -DSPEC_CPU_LP64 -funconstrained-commons -std=legacy        fsodci.fppized.f
specperl /home/kk/skpupil/dev/asterinas/regression/apps/speccpu2006/bin/specpp  -DSPEC_CPU_NO_HOLLERITH -DSPEC_CPU -DNDEBUG -DSPEC_CPU_LP64   gamess.F -o gamess.fppized.f
/usr/bin/gfortran -c -o gamess.fppized.o    -O2       -DSPEC_CPU_LP64 -funconstrained-commons -std=legacy        gamess.fppized.f
specperl /home/kk/skpupil/dev/asterinas/regression/apps/speccpu2006/bin/specpp  -DSPEC_CPU_NO_HOLLERITH -DSPEC_CPU -DNDEBUG -DSPEC_CPU_LP64   globop.F -o globop.fppized.f
/usr/bin/gfortran -c -o globop.fppized.o    -O2       -DSPEC_CPU_LP64 -funconstrained-commons -std=legacy        globop.fppized.f
specperl /home/kk/skpupil/dev/asterinas/regression/apps/speccpu2006/bin/specpp  -DSPEC_CPU_NO_HOLLERITH -DSPEC_CPU -DNDEBUG -DSPEC_CPU_LP64   gradex.F -o gradex.fppized.f
/usr/bin/gfortran -c -o gradex.fppized.o    -O2       -DSPEC_CPU_LP64 -funconstrained-commons -std=legacy        gradex.fppized.f
specperl /home/kk/skpupil/dev/asterinas/regression/apps/speccpu2006/bin/specpp  -DSPEC_CPU_NO_HOLLERITH -DSPEC_CPU -DNDEBUG -DSPEC_CPU_LP64   grd1.F -o grd1.fppized.f
/usr/bin/gfortran -c -o grd1.fppized.o    -O2       -DSPEC_CPU_LP64 -funconstrained-commons -std=legacy        grd1.fppized.f
specperl /home/kk/skpupil/dev/asterinas/regression/apps/speccpu2006/bin/specpp  -DSPEC_CPU_NO_HOLLERITH -DSPEC_CPU -DNDEBUG -DSPEC_CPU_LP64   grd2a.F -o grd2a.fppized.f
/usr/bin/gfortran -c -o grd2a.fppized.o    -O2       -DSPEC_CPU_LP64 -funconstrained-commons -std=legacy        grd2a.fppized.f
/usr/bin/gfortran -c -o grd2b.o    -O2       -DSPEC_CPU_LP64 -funconstrained-commons -std=legacy        grd2b.f
specperl /home/kk/skpupil/dev/asterinas/regression/apps/speccpu2006/bin/specpp  -DSPEC_CPU_NO_HOLLERITH -DSPEC_CPU -DNDEBUG -DSPEC_CPU_LP64   grd2c.F -o grd2c.fppized.f
/usr/bin/gfortran -c -o grd2c.fppized.o    -O2       -DSPEC_CPU_LP64 -funconstrained-commons -std=legacy        grd2c.fppized.f
specperl /home/kk/skpupil/dev/asterinas/regression/apps/speccpu2006/bin/specpp  -DSPEC_CPU_NO_HOLLERITH -DSPEC_CPU -DNDEBUG -DSPEC_CPU_LP64   guess.F -o guess.fppized.f
/usr/bin/gfortran -c -o guess.fppized.o    -O2       -DSPEC_CPU_LP64 -funconstrained-commons -std=legacy        guess.fppized.f
specperl /home/kk/skpupil/dev/asterinas/regression/apps/speccpu2006/bin/specpp  -DSPEC_CPU_NO_HOLLERITH -DSPEC_CPU -DNDEBUG -DSPEC_CPU_LP64   gugdga.F -o gugdga.fppized.f
/usr/bin/gfortran -c -o gugdga.fppized.o    -O2       -DSPEC_CPU_LP64 -funconstrained-commons -std=legacy        gugdga.fppized.f
specperl /home/kk/skpupil/dev/asterinas/regression/apps/speccpu2006/bin/specpp  -DSPEC_CPU_NO_HOLLERITH -DSPEC_CPU -DNDEBUG -DSPEC_CPU_LP64   gugdgb.F -o gugdgb.fppized.f
/usr/bin/gfortran -c -o gugdgb.fppized.o    -O2       -DSPEC_CPU_LP64 -funconstrained-commons -std=legacy        gugdgb.fppized.f
specperl /home/kk/skpupil/dev/asterinas/regression/apps/speccpu2006/bin/specpp  -DSPEC_CPU_NO_HOLLERITH -DSPEC_CPU -DNDEBUG -DSPEC_CPU_LP64   gugdm.F -o gugdm.fppized.f
/usr/bin/gfortran -c -o gugdm.fppized.o    -O2       -DSPEC_CPU_LP64 -funconstrained-commons -std=legacy        gugdm.fppized.f
specperl /home/kk/skpupil/dev/asterinas/regression/apps/speccpu2006/bin/specpp  -DSPEC_CPU_NO_HOLLERITH -DSPEC_CPU -DNDEBUG -DSPEC_CPU_LP64   gugdm2.F -o gugdm2.fppized.f
/usr/bin/gfortran -c -o gugdm2.fppized.o    -O2       -DSPEC_CPU_LP64 -funconstrained-commons -std=legacy        gugdm2.fppized.f
specperl /home/kk/skpupil/dev/asterinas/regression/apps/speccpu2006/bin/specpp  -DSPEC_CPU_NO_HOLLERITH -DSPEC_CPU -DNDEBUG -DSPEC_CPU_LP64   gugdrt.F -o gugdrt.fppized.f
/usr/bin/gfortran -c -o gugdrt.fppized.o    -O2       -DSPEC_CPU_LP64 -funconstrained-commons -std=legacy        gugdrt.fppized.f
specperl /home/kk/skpupil/dev/asterinas/regression/apps/speccpu2006/bin/specpp  -DSPEC_CPU_NO_HOLLERITH -DSPEC_CPU -DNDEBUG -DSPEC_CPU_LP64   gugem.F -o gugem.fppized.f
/usr/bin/gfortran -c -o gugem.fppized.o    -O2       -DSPEC_CPU_LP64 -funconstrained-commons -std=legacy        gugem.fppized.f
specperl /home/kk/skpupil/dev/asterinas/regression/apps/speccpu2006/bin/specpp  -DSPEC_CPU_NO_HOLLERITH -DSPEC_CPU -DNDEBUG -DSPEC_CPU_LP64   gugsrt.F -o gugsrt.fppized.f
/usr/bin/gfortran -c -o gugsrt.fppized.o    -O2       -DSPEC_CPU_LP64 -funconstrained-commons -std=legacy        gugsrt.fppized.f
specperl /home/kk/skpupil/dev/asterinas/regression/apps/speccpu2006/bin/specpp  -DSPEC_CPU_NO_HOLLERITH -DSPEC_CPU -DNDEBUG -DSPEC_CPU_LP64   gvb.F -o gvb.fppized.f
/usr/bin/gfortran -c -o gvb.fppized.o    -O2       -DSPEC_CPU_LP64 -funconstrained-commons -std=legacy        gvb.fppized.f
specperl /home/kk/skpupil/dev/asterinas/regression/apps/speccpu2006/bin/specpp  -DSPEC_CPU_NO_HOLLERITH -DSPEC_CPU -DNDEBUG -DSPEC_CPU_LP64   hess.F -o hess.fppized.f
/usr/bin/gfortran -c -o hess.fppized.o    -O2       -DSPEC_CPU_LP64 -funconstrained-commons -std=legacy        hess.fppized.f
specperl /home/kk/skpupil/dev/asterinas/regression/apps/speccpu2006/bin/specpp  -DSPEC_CPU_NO_HOLLERITH -DSPEC_CPU -DNDEBUG -DSPEC_CPU_LP64   hss1a.F -o hss1a.fppized.f
/usr/bin/gfortran -c -o hss1a.fppized.o    -O2       -DSPEC_CPU_LP64 -funconstrained-commons -std=legacy        hss1a.fppized.f
specperl /home/kk/skpupil/dev/asterinas/regression/apps/speccpu2006/bin/specpp  -DSPEC_CPU_NO_HOLLERITH -DSPEC_CPU -DNDEBUG -DSPEC_CPU_LP64   hss1b.F -o hss1b.fppized.f
/usr/bin/gfortran -c -o hss1b.fppized.o    -O2       -DSPEC_CPU_LP64 -funconstrained-commons -std=legacy        hss1b.fppized.f
specperl /home/kk/skpupil/dev/asterinas/regression/apps/speccpu2006/bin/specpp  -DSPEC_CPU_NO_HOLLERITH -DSPEC_CPU -DNDEBUG -DSPEC_CPU_LP64   hss2a.F -o hss2a.fppized.f
/usr/bin/gfortran -c -o hss2a.fppized.o    -O2       -DSPEC_CPU_LP64 -funconstrained-commons -std=legacy        hss2a.fppized.f
specperl /home/kk/skpupil/dev/asterinas/regression/apps/speccpu2006/bin/specpp  -DSPEC_CPU_NO_HOLLERITH -DSPEC_CPU -DNDEBUG -DSPEC_CPU_LP64   hss2b.F -o hss2b.fppized.f
/usr/bin/gfortran -c -o hss2b.fppized.o    -O2       -DSPEC_CPU_LP64 -funconstrained-commons -std=legacy        hss2b.fppized.f
specperl /home/kk/skpupil/dev/asterinas/regression/apps/speccpu2006/bin/specpp  -DSPEC_CPU_NO_HOLLERITH -DSPEC_CPU -DNDEBUG -DSPEC_CPU_LP64   inputa.F -o inputa.fppized.f
/usr/bin/gfortran -c -o inputa.fppized.o    -O2       -DSPEC_CPU_LP64 -funconstrained-commons -std=legacy        inputa.fppized.f
specperl /home/kk/skpupil/dev/asterinas/regression/apps/speccpu2006/bin/specpp  -DSPEC_CPU_NO_HOLLERITH -DSPEC_CPU -DNDEBUG -DSPEC_CPU_LP64   inputb.F -o inputb.fppized.f
/usr/bin/gfortran -c -o inputb.fppized.o    -O2       -DSPEC_CPU_LP64 -funconstrained-commons -std=legacy        inputb.fppized.f
specperl /home/kk/skpupil/dev/asterinas/regression/apps/speccpu2006/bin/specpp  -DSPEC_CPU_NO_HOLLERITH -DSPEC_CPU -DNDEBUG -DSPEC_CPU_LP64   inputc.F -o inputc.fppized.f
/usr/bin/gfortran -c -o inputc.fppized.o    -O2       -DSPEC_CPU_LP64 -funconstrained-commons -std=legacy        inputc.fppized.f
specperl /home/kk/skpupil/dev/asterinas/regression/apps/speccpu2006/bin/specpp  -DSPEC_CPU_NO_HOLLERITH -DSPEC_CPU -DNDEBUG -DSPEC_CPU_LP64   int1.F -o int1.fppized.f
/usr/bin/gfortran -c -o int1.fppized.o    -O2       -DSPEC_CPU_LP64 -funconstrained-commons -std=legacy        int1.fppized.f
specperl /home/kk/skpupil/dev/asterinas/regression/apps/speccpu2006/bin/specpp  -DSPEC_CPU_NO_HOLLERITH -DSPEC_CPU -DNDEBUG -DSPEC_CPU_LP64   int2a.F -o int2a.fppized.f
/usr/bin/gfortran -c -o int2a.fppized.o    -O2       -DSPEC_CPU_LP64 -funconstrained-commons -std=legacy        int2a.fppized.f
/usr/bin/gfortran -c -o int2b.o    -O2       -DSPEC_CPU_LP64 -funconstrained-commons -std=legacy        int2b.f
specperl /home/kk/skpupil/dev/asterinas/regression/apps/speccpu2006/bin/specpp  -DSPEC_CPU_NO_HOLLERITH -DSPEC_CPU -DNDEBUG -DSPEC_CPU_LP64   iolib.F -o iolib.fppized.f
/usr/bin/gfortran -c -o iolib.fppized.o    -O2       -DSPEC_CPU_LP64 -funconstrained-commons -std=legacy        iolib.fppized.f
specperl /home/kk/skpupil/dev/asterinas/regression/apps/speccpu2006/bin/specpp  -DSPEC_CPU_NO_HOLLERITH -DSPEC_CPU -DNDEBUG -DSPEC_CPU_LP64   lagran.F -o lagran.fppized.f
/usr/bin/gfortran -c -o lagran.fppized.o    -O2       -DSPEC_CPU_LP64 -funconstrained-commons -std=legacy        lagran.fppized.f
specperl /home/kk/skpupil/dev/asterinas/regression/apps/speccpu2006/bin/specpp  -DSPEC_CPU_NO_HOLLERITH -DSPEC_CPU -DNDEBUG -DSPEC_CPU_LP64   local.F -o local.fppized.f
/usr/bin/gfortran -c -o local.fppized.o    -O2       -DSPEC_CPU_LP64 -funconstrained-commons -std=legacy        local.fppized.f
specperl /home/kk/skpupil/dev/asterinas/regression/apps/speccpu2006/bin/specpp  -DSPEC_CPU_NO_HOLLERITH -DSPEC_CPU -DNDEBUG -DSPEC_CPU_LP64   loccd.F -o loccd.fppized.f
/usr/bin/gfortran -c -o loccd.fppized.o    -O2       -DSPEC_CPU_LP64 -funconstrained-commons -std=legacy        loccd.fppized.f
specperl /home/kk/skpupil/dev/asterinas/regression/apps/speccpu2006/bin/specpp  -DSPEC_CPU_NO_HOLLERITH -DSPEC_CPU -DNDEBUG -DSPEC_CPU_LP64   locpol.F -o locpol.fppized.f
/usr/bin/gfortran -c -o locpol.fppized.o    -O2       -DSPEC_CPU_LP64 -funconstrained-commons -std=legacy        locpol.fppized.f
specperl /home/kk/skpupil/dev/asterinas/regression/apps/speccpu2006/bin/specpp  -DSPEC_CPU_NO_HOLLERITH -DSPEC_CPU -DNDEBUG -DSPEC_CPU_LP64   mccas.F -o mccas.fppized.f
/usr/bin/gfortran -c -o mccas.fppized.o    -O2       -DSPEC_CPU_LP64 -funconstrained-commons -std=legacy        mccas.fppized.f
/usr/bin/gfortran -c -o mcjac.o    -O2       -DSPEC_CPU_LP64 -funconstrained-commons -std=legacy        mcjac.f
specperl /home/kk/skpupil/dev/asterinas/regression/apps/speccpu2006/bin/specpp  -DSPEC_CPU_NO_HOLLERITH -DSPEC_CPU -DNDEBUG -DSPEC_CPU_LP64   mcpinp.F -o mcpinp.fppized.f
/usr/bin/gfortran -c -o mcpinp.fppized.o    -O2       -DSPEC_CPU_LP64 -funconstrained-commons -std=legacy        mcpinp.fppized.f
specperl /home/kk/skpupil/dev/asterinas/regression/apps/speccpu2006/bin/specpp  -DSPEC_CPU_NO_HOLLERITH -DSPEC_CPU -DNDEBUG -DSPEC_CPU_LP64   mcpint.F -o mcpint.fppized.f
/usr/bin/gfortran -c -o mcpint.fppized.o    -O2       -DSPEC_CPU_LP64 -funconstrained-commons -std=legacy        mcpint.fppized.f
/usr/bin/gfortran -c -o mcplib.o    -O2       -DSPEC_CPU_LP64 -funconstrained-commons -std=legacy        mcplib.f
specperl /home/kk/skpupil/dev/asterinas/regression/apps/speccpu2006/bin/specpp  -DSPEC_CPU_NO_HOLLERITH -DSPEC_CPU -DNDEBUG -DSPEC_CPU_LP64   mcqdpt.F -o mcqdpt.fppized.f
/usr/bin/gfortran -c -o mcqdpt.fppized.o    -O2       -DSPEC_CPU_LP64 -funconstrained-commons -std=legacy        mcqdpt.fppized.f
/usr/bin/gfortran -c -o mcqdwt.o    -O2       -DSPEC_CPU_LP64 -funconstrained-commons -std=legacy        mcqdwt.f
specperl /home/kk/skpupil/dev/asterinas/regression/apps/speccpu2006/bin/specpp  -DSPEC_CPU_NO_HOLLERITH -DSPEC_CPU -DNDEBUG -DSPEC_CPU_LP64   mcqud.F -o mcqud.fppized.f
/usr/bin/gfortran -c -o mcqud.fppized.o    -O2       -DSPEC_CPU_LP64 -funconstrained-commons -std=legacy        mcqud.fppized.f
specperl /home/kk/skpupil/dev/asterinas/regression/apps/speccpu2006/bin/specpp  -DSPEC_CPU_NO_HOLLERITH -DSPEC_CPU -DNDEBUG -DSPEC_CPU_LP64   mcscf.F -o mcscf.fppized.f
/usr/bin/gfortran -c -o mcscf.fppized.o    -O2       -DSPEC_CPU_LP64 -funconstrained-commons -std=legacy        mcscf.fppized.f
specperl /home/kk/skpupil/dev/asterinas/regression/apps/speccpu2006/bin/specpp  -DSPEC_CPU_NO_HOLLERITH -DSPEC_CPU -DNDEBUG -DSPEC_CPU_LP64   mctwo.F -o mctwo.fppized.f
/usr/bin/gfortran -c -o mctwo.fppized.o    -O2       -DSPEC_CPU_LP64 -funconstrained-commons -std=legacy        mctwo.fppized.f
specperl /home/kk/skpupil/dev/asterinas/regression/apps/speccpu2006/bin/specpp  -DSPEC_CPU_NO_HOLLERITH -DSPEC_CPU -DNDEBUG -DSPEC_CPU_LP64   morokm.F -o morokm.fppized.f
/usr/bin/gfortran -c -o morokm.fppized.o    -O2       -DSPEC_CPU_LP64 -funconstrained-commons -std=legacy        morokm.fppized.f
specperl /home/kk/skpupil/dev/asterinas/regression/apps/speccpu2006/bin/specpp  -DSPEC_CPU_NO_HOLLERITH -DSPEC_CPU -DNDEBUG -DSPEC_CPU_LP64   mp2.F -o mp2.fppized.f
/usr/bin/gfortran -c -o mp2.fppized.o    -O2       -DSPEC_CPU_LP64 -funconstrained-commons -std=legacy        mp2.fppized.f
specperl /home/kk/skpupil/dev/asterinas/regression/apps/speccpu2006/bin/specpp  -DSPEC_CPU_NO_HOLLERITH -DSPEC_CPU -DNDEBUG -DSPEC_CPU_LP64   mp2ddi.F -o mp2ddi.fppized.f
/usr/bin/gfortran -c -o mp2ddi.fppized.o    -O2       -DSPEC_CPU_LP64 -funconstrained-commons -std=legacy        mp2ddi.fppized.f
specperl /home/kk/skpupil/dev/asterinas/regression/apps/speccpu2006/bin/specpp  -DSPEC_CPU_NO_HOLLERITH -DSPEC_CPU -DNDEBUG -DSPEC_CPU_LP64   mp2grd.F -o mp2grd.fppized.f
/usr/bin/gfortran -c -o mp2grd.fppized.o    -O2       -DSPEC_CPU_LP64 -funconstrained-commons -std=legacy        mp2grd.fppized.f
/usr/bin/gfortran -c -o mpcdat.o    -O2       -DSPEC_CPU_LP64 -funconstrained-commons -std=legacy        mpcdat.f
specperl /home/kk/skpupil/dev/asterinas/regression/apps/speccpu2006/bin/specpp  -DSPEC_CPU_NO_HOLLERITH -DSPEC_CPU -DNDEBUG -DSPEC_CPU_LP64   mpcgrd.F -o mpcgrd.fppized.f
/usr/bin/gfortran -c -o mpcgrd.fppized.o    -O2       -DSPEC_CPU_LP64 -funconstrained-commons -std=legacy        mpcgrd.fppized.f
specperl /home/kk/skpupil/dev/asterinas/regression/apps/speccpu2006/bin/specpp  -DSPEC_CPU_NO_HOLLERITH -DSPEC_CPU -DNDEBUG -DSPEC_CPU_LP64   mpcint.F -o mpcint.fppized.f
/usr/bin/gfortran -c -o mpcint.fppized.o    -O2       -DSPEC_CPU_LP64 -funconstrained-commons -std=legacy        mpcint.fppized.f
specperl /home/kk/skpupil/dev/asterinas/regression/apps/speccpu2006/bin/specpp  -DSPEC_CPU_NO_HOLLERITH -DSPEC_CPU -DNDEBUG -DSPEC_CPU_LP64   mpcmol.F -o mpcmol.fppized.f
/usr/bin/gfortran -c -o mpcmol.fppized.o    -O2       -DSPEC_CPU_LP64 -funconstrained-commons -std=legacy        mpcmol.fppized.f
specperl /home/kk/skpupil/dev/asterinas/regression/apps/speccpu2006/bin/specpp  -DSPEC_CPU_NO_HOLLERITH -DSPEC_CPU -DNDEBUG -DSPEC_CPU_LP64   mpcmsc.F -o mpcmsc.fppized.f
/usr/bin/gfortran -c -o mpcmsc.fppized.o    -O2       -DSPEC_CPU_LP64 -funconstrained-commons -std=legacy        mpcmsc.fppized.f
specperl /home/kk/skpupil/dev/asterinas/regression/apps/speccpu2006/bin/specpp  -DSPEC_CPU_NO_HOLLERITH -DSPEC_CPU -DNDEBUG -DSPEC_CPU_LP64   mthlib.F -o mthlib.fppized.f
/usr/bin/gfortran -c -o mthlib.fppized.o    -O2       -DSPEC_CPU_LP64 -funconstrained-commons -std=legacy        mthlib.fppized.f
specperl /home/kk/skpupil/dev/asterinas/regression/apps/speccpu2006/bin/specpp  -DSPEC_CPU_NO_HOLLERITH -DSPEC_CPU -DNDEBUG -DSPEC_CPU_LP64   nameio.F -o nameio.fppized.f
/usr/bin/gfortran -c -o nameio.fppized.o    -O2       -DSPEC_CPU_LP64 -funconstrained-commons -std=legacy        nameio.fppized.f
specperl /home/kk/skpupil/dev/asterinas/regression/apps/speccpu2006/bin/specpp  -DSPEC_CPU_NO_HOLLERITH -DSPEC_CPU -DNDEBUG -DSPEC_CPU_LP64   nmr.F -o nmr.fppized.f
/usr/bin/gfortran -c -o nmr.fppized.o    -O2       -DSPEC_CPU_LP64 -funconstrained-commons -std=legacy        nmr.fppized.f
/usr/bin/gfortran -c -o olix.o    -O2       -DSPEC_CPU_LP64 -funconstrained-commons -std=legacy        olix.f
specperl /home/kk/skpupil/dev/asterinas/regression/apps/speccpu2006/bin/specpp  -DSPEC_CPU_NO_HOLLERITH -DSPEC_CPU -DNDEBUG -DSPEC_CPU_LP64   ordint.F -o ordint.fppized.f
/usr/bin/gfortran -c -o ordint.fppized.o    -O2       -DSPEC_CPU_LP64 -funconstrained-commons -std=legacy        ordint.fppized.f
specperl /home/kk/skpupil/dev/asterinas/regression/apps/speccpu2006/bin/specpp  -DSPEC_CPU_NO_HOLLERITH -DSPEC_CPU -DNDEBUG -DSPEC_CPU_LP64   ormas1.F -o ormas1.fppized.f
/usr/bin/gfortran -c -o ormas1.fppized.o    -O2       -DSPEC_CPU_LP64 -funconstrained-commons -std=legacy        ormas1.fppized.f
specperl /home/kk/skpupil/dev/asterinas/regression/apps/speccpu2006/bin/specpp  -DSPEC_CPU_NO_HOLLERITH -DSPEC_CPU -DNDEBUG -DSPEC_CPU_LP64   parley.F -o parley.fppized.f
/usr/bin/gfortran -c -o parley.fppized.o    -O2       -DSPEC_CPU_LP64 -funconstrained-commons -std=legacy        parley.fppized.f
specperl /home/kk/skpupil/dev/asterinas/regression/apps/speccpu2006/bin/specpp  -DSPEC_CPU_NO_HOLLERITH -DSPEC_CPU -DNDEBUG -DSPEC_CPU_LP64   pcm.F -o pcm.fppized.f
/usr/bin/gfortran -c -o pcm.fppized.o    -O2       -DSPEC_CPU_LP64 -funconstrained-commons -std=legacy        pcm.fppized.f
/usr/bin/gfortran -c -o pcmcav.o    -O2       -DSPEC_CPU_LP64 -funconstrained-commons -std=legacy        pcmcav.f
specperl /home/kk/skpupil/dev/asterinas/regression/apps/speccpu2006/bin/specpp  -DSPEC_CPU_NO_HOLLERITH -DSPEC_CPU -DNDEBUG -DSPEC_CPU_LP64   pcmcv2.F -o pcmcv2.fppized.f
/usr/bin/gfortran -c -o pcmcv2.fppized.o    -O2       -DSPEC_CPU_LP64 -funconstrained-commons -std=legacy        pcmcv2.fppized.f
specperl /home/kk/skpupil/dev/asterinas/regression/apps/speccpu2006/bin/specpp  -DSPEC_CPU_NO_HOLLERITH -DSPEC_CPU -DNDEBUG -DSPEC_CPU_LP64   pcmder.F -o pcmder.fppized.f
/usr/bin/gfortran -c -o pcmder.fppized.o    -O2       -DSPEC_CPU_LP64 -funconstrained-commons -std=legacy        pcmder.fppized.f
specperl /home/kk/skpupil/dev/asterinas/regression/apps/speccpu2006/bin/specpp  -DSPEC_CPU_NO_HOLLERITH -DSPEC_CPU -DNDEBUG -DSPEC_CPU_LP64   pcmdis.F -o pcmdis.fppized.f
/usr/bin/gfortran -c -o pcmdis.fppized.o    -O2       -DSPEC_CPU_LP64 -funconstrained-commons -std=legacy        pcmdis.fppized.f
specperl /home/kk/skpupil/dev/asterinas/regression/apps/speccpu2006/bin/specpp  -DSPEC_CPU_NO_HOLLERITH -DSPEC_CPU -DNDEBUG -DSPEC_CPU_LP64   pcmief.F -o pcmief.fppized.f
/usr/bin/gfortran -c -o pcmief.fppized.o    -O2       -DSPEC_CPU_LP64 -funconstrained-commons -std=legacy        pcmief.fppized.f
specperl /home/kk/skpupil/dev/asterinas/regression/apps/speccpu2006/bin/specpp  -DSPEC_CPU_NO_HOLLERITH -DSPEC_CPU -DNDEBUG -DSPEC_CPU_LP64   pcmpol.F -o pcmpol.fppized.f
/usr/bin/gfortran -c -o pcmpol.fppized.o    -O2       -DSPEC_CPU_LP64 -funconstrained-commons -std=legacy        pcmpol.fppized.f
specperl /home/kk/skpupil/dev/asterinas/regression/apps/speccpu2006/bin/specpp  -DSPEC_CPU_NO_HOLLERITH -DSPEC_CPU -DNDEBUG -DSPEC_CPU_LP64   pcmvch.F -o pcmvch.fppized.f
/usr/bin/gfortran -c -o pcmvch.fppized.o    -O2       -DSPEC_CPU_LP64 -funconstrained-commons -std=legacy        pcmvch.fppized.f
specperl /home/kk/skpupil/dev/asterinas/regression/apps/speccpu2006/bin/specpp  -DSPEC_CPU_NO_HOLLERITH -DSPEC_CPU -DNDEBUG -DSPEC_CPU_LP64   prpel.F -o prpel.fppized.f
/usr/bin/gfortran -c -o prpel.fppized.o    -O2       -DSPEC_CPU_LP64 -funconstrained-commons -std=legacy        prpel.fppized.f
specperl /home/kk/skpupil/dev/asterinas/regression/apps/speccpu2006/bin/specpp  -DSPEC_CPU_NO_HOLLERITH -DSPEC_CPU -DNDEBUG -DSPEC_CPU_LP64   prplib.F -o prplib.fppized.f
/usr/bin/gfortran -c -o prplib.fppized.o    -O2       -DSPEC_CPU_LP64 -funconstrained-commons -std=legacy        prplib.fppized.f
specperl /home/kk/skpupil/dev/asterinas/regression/apps/speccpu2006/bin/specpp  -DSPEC_CPU_NO_HOLLERITH -DSPEC_CPU -DNDEBUG -DSPEC_CPU_LP64   prppop.F -o prppop.fppized.f
/usr/bin/gfortran -c -o prppop.fppized.o    -O2       -DSPEC_CPU_LP64 -funconstrained-commons -std=legacy        prppop.fppized.f
specperl /home/kk/skpupil/dev/asterinas/regression/apps/speccpu2006/bin/specpp  -DSPEC_CPU_NO_HOLLERITH -DSPEC_CPU -DNDEBUG -DSPEC_CPU_LP64   qeigen.F -o qeigen.fppized.f
/usr/bin/gfortran -c -o qeigen.fppized.o    -O2       -DSPEC_CPU_LP64 -funconstrained-commons -std=legacy        qeigen.fppized.f
specperl /home/kk/skpupil/dev/asterinas/regression/apps/speccpu2006/bin/specpp  -DSPEC_CPU_NO_HOLLERITH -DSPEC_CPU -DNDEBUG -DSPEC_CPU_LP64   qfmm.F -o qfmm.fppized.f
/usr/bin/gfortran -c -o qfmm.fppized.o    -O2       -DSPEC_CPU_LP64 -funconstrained-commons -std=legacy        qfmm.fppized.f
specperl /home/kk/skpupil/dev/asterinas/regression/apps/speccpu2006/bin/specpp  -DSPEC_CPU_NO_HOLLERITH -DSPEC_CPU -DNDEBUG -DSPEC_CPU_LP64   qmfm.F -o qmfm.fppized.f
/usr/bin/gfortran -c -o qmfm.fppized.o    -O2       -DSPEC_CPU_LP64 -funconstrained-commons -std=legacy        qmfm.fppized.f
specperl /home/kk/skpupil/dev/asterinas/regression/apps/speccpu2006/bin/specpp  -DSPEC_CPU_NO_HOLLERITH -DSPEC_CPU -DNDEBUG -DSPEC_CPU_LP64   qmmm.F -o qmmm.fppized.f
/usr/bin/gfortran -c -o qmmm.fppized.o    -O2       -DSPEC_CPU_LP64 -funconstrained-commons -std=legacy        qmmm.fppized.f
specperl /home/kk/skpupil/dev/asterinas/regression/apps/speccpu2006/bin/specpp  -DSPEC_CPU_NO_HOLLERITH -DSPEC_CPU -DNDEBUG -DSPEC_CPU_LP64   qrel.F -o qrel.fppized.f
/usr/bin/gfortran -c -o qrel.fppized.o    -O2       -DSPEC_CPU_LP64 -funconstrained-commons -std=legacy        qrel.fppized.f
specperl /home/kk/skpupil/dev/asterinas/regression/apps/speccpu2006/bin/specpp  -DSPEC_CPU_NO_HOLLERITH -DSPEC_CPU -DNDEBUG -DSPEC_CPU_LP64   raman.F -o raman.fppized.f
/usr/bin/gfortran -c -o raman.fppized.o    -O2       -DSPEC_CPU_LP64 -funconstrained-commons -std=legacy        raman.fppized.f
specperl /home/kk/skpupil/dev/asterinas/regression/apps/speccpu2006/bin/specpp  -DSPEC_CPU_NO_HOLLERITH -DSPEC_CPU -DNDEBUG -DSPEC_CPU_LP64   rhfuhf.F -o rhfuhf.fppized.f
/usr/bin/gfortran -c -o rhfuhf.fppized.o    -O2       -DSPEC_CPU_LP64 -funconstrained-commons -std=legacy        rhfuhf.fppized.f
specperl /home/kk/skpupil/dev/asterinas/regression/apps/speccpu2006/bin/specpp  -DSPEC_CPU_NO_HOLLERITH -DSPEC_CPU -DNDEBUG -DSPEC_CPU_LP64   rxncrd.F -o rxncrd.fppized.f
/usr/bin/gfortran -c -o rxncrd.fppized.o    -O2       -DSPEC_CPU_LP64 -funconstrained-commons -std=legacy        rxncrd.fppized.f
/usr/bin/gfortran -c -o ryspol.o    -O2       -DSPEC_CPU_LP64 -funconstrained-commons -std=legacy        ryspol.f
specperl /home/kk/skpupil/dev/asterinas/regression/apps/speccpu2006/bin/specpp  -DSPEC_CPU_NO_HOLLERITH -DSPEC_CPU -DNDEBUG -DSPEC_CPU_LP64   scflib.F -o scflib.fppized.f
/usr/bin/gfortran -c -o scflib.fppized.o    -O2       -DSPEC_CPU_LP64 -funconstrained-commons -std=legacy        scflib.fppized.f
specperl /home/kk/skpupil/dev/asterinas/regression/apps/speccpu2006/bin/specpp  -DSPEC_CPU_NO_HOLLERITH -DSPEC_CPU -DNDEBUG -DSPEC_CPU_LP64   scfmi.F -o scfmi.fppized.f
/usr/bin/gfortran -c -o scfmi.fppized.o    -O2       -DSPEC_CPU_LP64 -funconstrained-commons -std=legacy        scfmi.fppized.f
specperl /home/kk/skpupil/dev/asterinas/regression/apps/speccpu2006/bin/specpp  -DSPEC_CPU_NO_HOLLERITH -DSPEC_CPU -DNDEBUG -DSPEC_CPU_LP64   scrf.F -o scrf.fppized.f
/usr/bin/gfortran -c -o scrf.fppized.o    -O2       -DSPEC_CPU_LP64 -funconstrained-commons -std=legacy        scrf.fppized.f
specperl /home/kk/skpupil/dev/asterinas/regression/apps/speccpu2006/bin/specpp  -DSPEC_CPU_NO_HOLLERITH -DSPEC_CPU -DNDEBUG -DSPEC_CPU_LP64   sobrt.F -o sobrt.fppized.f
/usr/bin/gfortran -c -o sobrt.fppized.o    -O2       -DSPEC_CPU_LP64 -funconstrained-commons -std=legacy        sobrt.fppized.f
specperl /home/kk/skpupil/dev/asterinas/regression/apps/speccpu2006/bin/specpp  -DSPEC_CPU_NO_HOLLERITH -DSPEC_CPU -DNDEBUG -DSPEC_CPU_LP64   soffac.F -o soffac.fppized.f
/usr/bin/gfortran -c -o soffac.fppized.o    -O2       -DSPEC_CPU_LP64 -funconstrained-commons -std=legacy        soffac.fppized.f
specperl /home/kk/skpupil/dev/asterinas/regression/apps/speccpu2006/bin/specpp  -DSPEC_CPU_NO_HOLLERITH -DSPEC_CPU -DNDEBUG -DSPEC_CPU_LP64   solib.F -o solib.fppized.f
/usr/bin/gfortran -c -o solib.fppized.o    -O2       -DSPEC_CPU_LP64 -funconstrained-commons -std=legacy        solib.fppized.f
specperl /home/kk/skpupil/dev/asterinas/regression/apps/speccpu2006/bin/specpp  -DSPEC_CPU_NO_HOLLERITH -DSPEC_CPU -DNDEBUG -DSPEC_CPU_LP64   sozeff.F -o sozeff.fppized.f
/usr/bin/gfortran -c -o sozeff.fppized.o    -O2       -DSPEC_CPU_LP64 -funconstrained-commons -std=legacy        sozeff.fppized.f
specperl /home/kk/skpupil/dev/asterinas/regression/apps/speccpu2006/bin/specpp  -DSPEC_CPU_NO_HOLLERITH -DSPEC_CPU -DNDEBUG -DSPEC_CPU_LP64   statpt.F -o statpt.fppized.f
/usr/bin/gfortran -c -o statpt.fppized.o    -O2       -DSPEC_CPU_LP64 -funconstrained-commons -std=legacy        statpt.fppized.f
specperl /home/kk/skpupil/dev/asterinas/regression/apps/speccpu2006/bin/specpp  -DSPEC_CPU_NO_HOLLERITH -DSPEC_CPU -DNDEBUG -DSPEC_CPU_LP64   surf.F -o surf.fppized.f
/usr/bin/gfortran -c -o surf.fppized.o    -O2       -DSPEC_CPU_LP64 -funconstrained-commons -std=legacy        surf.fppized.f
specperl /home/kk/skpupil/dev/asterinas/regression/apps/speccpu2006/bin/specpp  -DSPEC_CPU_NO_HOLLERITH -DSPEC_CPU -DNDEBUG -DSPEC_CPU_LP64   symorb.F -o symorb.fppized.f
/usr/bin/gfortran -c -o symorb.fppized.o    -O2       -DSPEC_CPU_LP64 -funconstrained-commons -std=legacy        symorb.fppized.f
specperl /home/kk/skpupil/dev/asterinas/regression/apps/speccpu2006/bin/specpp  -DSPEC_CPU_NO_HOLLERITH -DSPEC_CPU -DNDEBUG -DSPEC_CPU_LP64   symslc.F -o symslc.fppized.f
/usr/bin/gfortran -c -o symslc.fppized.o    -O2       -DSPEC_CPU_LP64 -funconstrained-commons -std=legacy        symslc.fppized.f
specperl /home/kk/skpupil/dev/asterinas/regression/apps/speccpu2006/bin/specpp  -DSPEC_CPU_NO_HOLLERITH -DSPEC_CPU -DNDEBUG -DSPEC_CPU_LP64   tdhf.F -o tdhf.fppized.f
/usr/bin/gfortran -c -o tdhf.fppized.o    -O2       -DSPEC_CPU_LP64 -funconstrained-commons -std=legacy        tdhf.fppized.f
specperl /home/kk/skpupil/dev/asterinas/regression/apps/speccpu2006/bin/specpp  -DSPEC_CPU_NO_HOLLERITH -DSPEC_CPU -DNDEBUG -DSPEC_CPU_LP64   trans.F -o trans.fppized.f
/usr/bin/gfortran -c -o trans.fppized.o    -O2       -DSPEC_CPU_LP64 -funconstrained-commons -std=legacy        trans.fppized.f
specperl /home/kk/skpupil/dev/asterinas/regression/apps/speccpu2006/bin/specpp  -DSPEC_CPU_NO_HOLLERITH -DSPEC_CPU -DNDEBUG -DSPEC_CPU_LP64   trfdm2.F -o trfdm2.fppized.f
/usr/bin/gfortran -c -o trfdm2.fppized.o    -O2       -DSPEC_CPU_LP64 -funconstrained-commons -std=legacy        trfdm2.fppized.f
specperl /home/kk/skpupil/dev/asterinas/regression/apps/speccpu2006/bin/specpp  -DSPEC_CPU_NO_HOLLERITH -DSPEC_CPU -DNDEBUG -DSPEC_CPU_LP64   trnstn.F -o trnstn.fppized.f
/usr/bin/gfortran -c -o trnstn.fppized.o    -O2       -DSPEC_CPU_LP64 -funconstrained-commons -std=legacy        trnstn.fppized.f
specperl /home/kk/skpupil/dev/asterinas/regression/apps/speccpu2006/bin/specpp  -DSPEC_CPU_NO_HOLLERITH -DSPEC_CPU -DNDEBUG -DSPEC_CPU_LP64   trudge.F -o trudge.fppized.f
/usr/bin/gfortran -c -o trudge.fppized.o    -O2       -DSPEC_CPU_LP64 -funconstrained-commons -std=legacy        trudge.fppized.f
specperl /home/kk/skpupil/dev/asterinas/regression/apps/speccpu2006/bin/specpp  -DSPEC_CPU_NO_HOLLERITH -DSPEC_CPU -DNDEBUG -DSPEC_CPU_LP64   umpddi.F -o umpddi.fppized.f
/usr/bin/gfortran -c -o umpddi.fppized.o    -O2       -DSPEC_CPU_LP64 -funconstrained-commons -std=legacy        umpddi.fppized.f
specperl /home/kk/skpupil/dev/asterinas/regression/apps/speccpu2006/bin/specpp  -DSPEC_CPU_NO_HOLLERITH -DSPEC_CPU -DNDEBUG -DSPEC_CPU_LP64   unport.F -o unport.fppized.f
/usr/bin/gfortran -c -o unport.fppized.o    -O2       -DSPEC_CPU_LP64 -funconstrained-commons -std=legacy        unport.fppized.f
specperl /home/kk/skpupil/dev/asterinas/regression/apps/speccpu2006/bin/specpp  -DSPEC_CPU_NO_HOLLERITH -DSPEC_CPU -DNDEBUG -DSPEC_CPU_LP64   vibanl.F -o vibanl.fppized.f
/usr/bin/gfortran -c -o vibanl.fppized.o    -O2       -DSPEC_CPU_LP64 -funconstrained-commons -std=legacy        vibanl.fppized.f
specperl /home/kk/skpupil/dev/asterinas/regression/apps/speccpu2006/bin/specpp  -DSPEC_CPU_NO_HOLLERITH -DSPEC_CPU -DNDEBUG -DSPEC_CPU_LP64   vscf.F -o vscf.fppized.f
/usr/bin/gfortran -c -o vscf.fppized.o    -O2       -DSPEC_CPU_LP64 -funconstrained-commons -std=legacy        vscf.fppized.f
specperl /home/kk/skpupil/dev/asterinas/regression/apps/speccpu2006/bin/specpp  -DSPEC_CPU_NO_HOLLERITH -DSPEC_CPU -DNDEBUG -DSPEC_CPU_LP64   zheev.F -o zheev.fppized.f
/usr/bin/gfortran -c -o zheev.fppized.o    -O2       -DSPEC_CPU_LP64 -funconstrained-commons -std=legacy        zheev.fppized.f
specperl /home/kk/skpupil/dev/asterinas/regression/apps/speccpu2006/bin/specpp  -DSPEC_CPU_NO_HOLLERITH -DSPEC_CPU -DNDEBUG -DSPEC_CPU_LP64   zmatrx.F -o zmatrx.fppized.f
/usr/bin/gfortran -c -o zmatrx.fppized.o    -O2       -DSPEC_CPU_LP64 -funconstrained-commons -std=legacy        zmatrx.fppized.f
/usr/bin/gfortran   -O2  -DSPEC_CPU_LP64 -funconstrained-commons -std=legacy       aldeci.fppized.o algnci.fppized.o basecp.fppized.o basext.o bashuz.o bashz2.o basn21.fppized.o basn31.o bassto.fppized.o blas.fppized.o ccaux.o ccsdt.fppized.o chgpen.fppized.o cisgrd.fppized.o cosmo.fppized.o cphf.fppized.o cpmchf.o cprohf.fppized.o ddi.fppized.o delocl.fppized.o dft.fppized.o dftaux.fppized.o dftexc.fppized.o dftfun.o dftgrd.fppized.o dftint.fppized.o dgeev.o dmulti.fppized.o drc.fppized.o dummygetenv.fppized.o ecp.fppized.o ecpder.fppized.o ecplib.fppized.o ecppot.o efdrvr.fppized.o efelec.o efgrd2.fppized.o efgrda.fppized.o efgrdb.fppized.o efgrdc.fppized.o efinp.fppized.o efinta.fppized.o efintb.fppized.o efpaul.fppized.o efpcm.fppized.o efpcov.fppized.o eigen.fppized.o eomcc.fppized.o ffield.fppized.o frfmt.fppized.o fsodci.fppized.o gamess.fppized.o globop.fppized.o gradex.fppized.o grd1.fppized.o grd2a.fppized.o grd2b.o grd2c.fppized.o guess.fppized.o gugdga.fppized.o gugdgb.fppized.o gugdm.fppized.o gugdm2.fppized.o gugdrt.fppized.o gugem.fppized.o gugsrt.fppized.o gvb.fppized.o hess.fppized.o hss1a.fppized.o hss1b.fppized.o hss2a.fppized.o hss2b.fppized.o inputa.fppized.o inputb.fppized.o inputc.fppized.o int1.fppized.o int2a.fppized.o int2b.o iolib.fppized.o lagran.fppized.o local.fppized.o loccd.fppized.o locpol.fppized.o mccas.fppized.o mcjac.o mcpinp.fppized.o mcpint.fppized.o mcplib.o mcqdpt.fppized.o mcqdwt.o mcqud.fppized.o mcscf.fppized.o mctwo.fppized.o morokm.fppized.o mp2.fppized.o mp2ddi.fppized.o mp2grd.fppized.o mpcdat.o mpcgrd.fppized.o mpcint.fppized.o mpcmol.fppized.o mpcmsc.fppized.o mthlib.fppized.o nameio.fppized.o nmr.fppized.o olix.o ordint.fppized.o ormas1.fppized.o parley.fppized.o pcm.fppized.o pcmcav.o pcmcv2.fppized.o pcmder.fppized.o pcmdis.fppized.o pcmief.fppized.o pcmpol.fppized.o pcmvch.fppized.o prpel.fppized.o prplib.fppized.o prppop.fppized.o qeigen.fppized.o qfmm.fppized.o qmfm.fppized.o qmmm.fppized.o qrel.fppized.o raman.fppized.o rhfuhf.fppized.o rxncrd.fppized.o ryspol.o scflib.fppized.o scfmi.fppized.o scrf.fppized.o sobrt.fppized.o soffac.fppized.o solib.fppized.o sozeff.fppized.o statpt.fppized.o surf.fppized.o symorb.fppized.o symslc.fppized.o tdhf.fppized.o trans.fppized.o trfdm2.fppized.o trnstn.fppized.o trudge.fppized.o umpddi.fppized.o unport.fppized.o vibanl.fppized.o vscf.fppized.o zheev.fppized.o zmatrx.fppized.o             -lm        -o gamess
