/usr/bin/gcc -c -o annexb.o -DSPEC_CPU -DNDEBUG    -O2        -DSPEC_CPU_LP64         annexb.c
/usr/bin/gcc -c -o biariencode.o -DSPEC_CPU -DNDEBUG    -O2        -DSPEC_CPU_LP64         biariencode.c
/usr/bin/gcc -c -o block.o -DSPEC_CPU -DNDEBUG    -O2        -DSPEC_CPU_LP64         block.c
/usr/bin/gcc -c -o cabac.o -DSPEC_CPU -DNDEBUG    -O2        -DSPEC_CPU_LP64         cabac.c
/usr/bin/gcc -c -o configfile.o -DSPEC_CPU -DNDEBUG    -O2        -DSPEC_CPU_LP64         configfile.c
/usr/bin/gcc -c -o context_ini.o -DSPEC_CPU -DNDEBUG    -O2        -DSPEC_CPU_LP64         context_ini.c
/usr/bin/gcc -c -o decoder.o -DSPEC_CPU -DNDEBUG    -O2        -DSPEC_CPU_LP64         decoder.c
/usr/bin/gcc -c -o explicit_gop.o -DSPEC_CPU -DNDEBUG    -O2        -DSPEC_CPU_LP64         explicit_gop.c
/usr/bin/gcc -c -o fast_me.o -DSPEC_CPU -DNDEBUG    -O2        -DSPEC_CPU_LP64         fast_me.c
/usr/bin/gcc -c -o filehandle.o -DSPEC_CPU -DNDEBUG    -O2        -DSPEC_CPU_LP64         filehandle.c
/usr/bin/gcc -c -o fmo.o -DSPEC_CPU -DNDEBUG    -O2        -DSPEC_CPU_LP64         fmo.c
/usr/bin/gcc -c -o header.o -DSPEC_CPU -DNDEBUG    -O2        -DSPEC_CPU_LP64         header.c
/usr/bin/gcc -c -o image.o -DSPEC_CPU -DNDEBUG    -O2        -DSPEC_CPU_LP64         image.c
/usr/bin/gcc -c -o intrarefresh.o -DSPEC_CPU -DNDEBUG    -O2        -DSPEC_CPU_LP64         intrarefresh.c
/usr/bin/gcc -c -o leaky_bucket.o -DSPEC_CPU -DNDEBUG    -O2        -DSPEC_CPU_LP64         leaky_bucket.c
/usr/bin/gcc -c -o lencod.o -DSPEC_CPU -DNDEBUG    -O2        -DSPEC_CPU_LP64         lencod.c
/usr/bin/gcc -c -o loopFilter.o -DSPEC_CPU -DNDEBUG    -O2        -DSPEC_CPU_LP64         loopFilter.c
/usr/bin/gcc -c -o macroblock.o -DSPEC_CPU -DNDEBUG    -O2        -DSPEC_CPU_LP64         macroblock.c
/usr/bin/gcc -c -o mb_access.o -DSPEC_CPU -DNDEBUG    -O2        -DSPEC_CPU_LP64         mb_access.c
/usr/bin/gcc -c -o mbuffer.o -DSPEC_CPU -DNDEBUG    -O2        -DSPEC_CPU_LP64         mbuffer.c
/usr/bin/gcc -c -o memalloc.o -DSPEC_CPU -DNDEBUG    -O2        -DSPEC_CPU_LP64         memalloc.c
/usr/bin/gcc -c -o mv-search.o -DSPEC_CPU -DNDEBUG    -O2        -DSPEC_CPU_LP64         mv-search.c
/usr/bin/gcc -c -o nal.o -DSPEC_CPU -DNDEBUG    -O2        -DSPEC_CPU_LP64         nal.c
/usr/bin/gcc -c -o nalu.o -DSPEC_CPU -DNDEBUG    -O2        -DSPEC_CPU_LP64         nalu.c
/usr/bin/gcc -c -o nalucommon.o -DSPEC_CPU -DNDEBUG    -O2        -DSPEC_CPU_LP64         nalucommon.c
/usr/bin/gcc -c -o output.o -DSPEC_CPU -DNDEBUG    -O2        -DSPEC_CPU_LP64         output.c
/usr/bin/gcc -c -o parset.o -DSPEC_CPU -DNDEBUG    -O2        -DSPEC_CPU_LP64         parset.c
/usr/bin/gcc -c -o parsetcommon.o -DSPEC_CPU -DNDEBUG    -O2        -DSPEC_CPU_LP64         parsetcommon.c
/usr/bin/gcc -c -o q_matrix.o -DSPEC_CPU -DNDEBUG    -O2        -DSPEC_CPU_LP64         q_matrix.c
/usr/bin/gcc -c -o q_offsets.o -DSPEC_CPU -DNDEBUG    -O2        -DSPEC_CPU_LP64         q_offsets.c
/usr/bin/gcc -c -o ratectl.o -DSPEC_CPU -DNDEBUG    -O2        -DSPEC_CPU_LP64         ratectl.c
/usr/bin/gcc -c -o rdopt.o -DSPEC_CPU -DNDEBUG    -O2        -DSPEC_CPU_LP64         rdopt.c
/usr/bin/gcc -c -o rdopt_coding_state.o -DSPEC_CPU -DNDEBUG    -O2        -DSPEC_CPU_LP64         rdopt_coding_state.c
/usr/bin/gcc -c -o rdpicdecision.o -DSPEC_CPU -DNDEBUG    -O2        -DSPEC_CPU_LP64         rdpicdecision.c
/usr/bin/gcc -c -o refbuf.o -DSPEC_CPU -DNDEBUG    -O2        -DSPEC_CPU_LP64         refbuf.c
/usr/bin/gcc -c -o rtp.o -DSPEC_CPU -DNDEBUG    -O2        -DSPEC_CPU_LP64         rtp.c
/usr/bin/gcc -c -o sei.o -DSPEC_CPU -DNDEBUG    -O2        -DSPEC_CPU_LP64         sei.c
/usr/bin/gcc -c -o slice.o -DSPEC_CPU -DNDEBUG    -O2        -DSPEC_CPU_LP64         slice.c
/usr/bin/gcc -c -o transform8x8.o -DSPEC_CPU -DNDEBUG    -O2        -DSPEC_CPU_LP64         transform8x8.c
/usr/bin/gcc -c -o vlc.o -DSPEC_CPU -DNDEBUG    -O2        -DSPEC_CPU_LP64         vlc.c
/usr/bin/gcc -c -o weighted_prediction.o -DSPEC_CPU -DNDEBUG    -O2        -DSPEC_CPU_LP64         weighted_prediction.c
/usr/bin/gcc -c -o specrand.o -DSPEC_CPU -DNDEBUG    -O2        -DSPEC_CPU_LP64         specrand.c
/usr/bin/gcc   -O2   -DSPEC_CPU_LP64        annexb.o biariencode.o block.o cabac.o configfile.o context_ini.o decoder.o explicit_gop.o fast_me.o filehandle.o fmo.o header.o image.o intrarefresh.o leaky_bucket.o lencod.o loopFilter.o macroblock.o mb_access.o mbuffer.o memalloc.o mv-search.o nal.o nalu.o nalucommon.o output.o parset.o parsetcommon.o q_matrix.o q_offsets.o ratectl.o rdopt.o rdopt_coding_state.o rdpicdecision.o refbuf.o rtp.o sei.o slice.o transform8x8.o vlc.o weighted_prediction.o specrand.o             -lm        -o h264ref
