/usr/bin/gfortran -c -o advx1.o    -O2       -DSPEC_CPU_LP64         advx1.f
/usr/bin/gfortran -c -o advx2.o    -O2       -DSPEC_CPU_LP64         advx2.f
/usr/bin/gfortran -c -o advx3.o    -O2       -DSPEC_CPU_LP64         advx3.f
/usr/bin/gfortran -c -o avisc.o    -O2       -DSPEC_CPU_LP64         avisc.f
/usr/bin/gfortran -c -o avisc_d.o    -O2       -DSPEC_CPU_LP64         avisc_d.f
/usr/bin/gfortran -c -o bndyflgs.o    -O2       -DSPEC_CPU_LP64         bndyflgs.f
/usr/bin/gfortran -c -o bval3d.o    -O2       -DSPEC_CPU_LP64         bval3d.f
/usr/bin/gfortran -c -o bvalemf.o    -O2       -DSPEC_CPU_LP64         bvalemf.f
/usr/bin/gfortran -c -o ct.o    -O2       -DSPEC_CPU_LP64         ct.f
/usr/bin/gfortran -c -o dataio.o    -O2       -DSPEC_CPU_LP64         dataio.f
/usr/bin/gfortran -c -o diverg.o    -O2       -DSPEC_CPU_LP64         diverg.f
/usr/bin/gfortran -c -o empty.o    -O2       -DSPEC_CPU_LP64         empty.f
/usr/bin/gfortran -c -o findno.o    -O2       -DSPEC_CPU_LP64         findno.f
/usr/bin/gfortran -c -o forces.o    -O2       -DSPEC_CPU_LP64         forces.f
/usr/bin/gfortran -c -o forces_d.o    -O2       -DSPEC_CPU_LP64         forces_d.f
/usr/bin/gfortran -c -o fourn.o    -O2       -DSPEC_CPU_LP64         fourn.f
/usr/bin/gfortran -c -o ggen.o    -O2       -DSPEC_CPU_LP64         ggen.f
/usr/bin/gfortran -c -o grdv.o    -O2       -DSPEC_CPU_LP64         grdv.f
/usr/bin/gfortran -c -o hdfall.o    -O2       -DSPEC_CPU_LP64         hdfall.f
/usr/bin/gfortran -c -o hsmoc.o    -O2       -DSPEC_CPU_LP64         hsmoc.f
/usr/bin/gfortran -c -o intchk.o    -O2       -DSPEC_CPU_LP64         intchk.f
/usr/bin/gfortran -c -o lorentz.o    -O2       -DSPEC_CPU_LP64         lorentz.f
/usr/bin/gfortran -c -o lorentz_d.o    -O2       -DSPEC_CPU_LP64         lorentz_d.f
/usr/bin/gfortran -c -o maxmin.o    -O2       -DSPEC_CPU_LP64         maxmin.f
/usr/bin/gfortran -c -o mnmx.o    -O2       -DSPEC_CPU_LP64         mnmx.f
/usr/bin/gfortran -c -o momx1.o    -O2       -DSPEC_CPU_LP64         momx1.f
/usr/bin/gfortran -c -o momx2.o    -O2       -DSPEC_CPU_LP64         momx2.f
/usr/bin/gfortran -c -o momx3.o    -O2       -DSPEC_CPU_LP64         momx3.f
/usr/bin/gfortran -c -o movie.o    -O2       -DSPEC_CPU_LP64         movie.f
/usr/bin/gfortran -c -o msave.o    -O2       -DSPEC_CPU_LP64         msave.f
/usr/bin/gfortran -c -o mstart.o    -O2       -DSPEC_CPU_LP64         mstart.f
/usr/bin/gfortran -c -o newdt.o    -O2       -DSPEC_CPU_LP64         newdt.f
/usr/bin/gfortran -c -o newgrid.o    -O2       -DSPEC_CPU_LP64         newgrid.f
/usr/bin/gfortran -c -o newvg.o    -O2       -DSPEC_CPU_LP64         newvg.f
/usr/bin/gfortran -c -o newx1.o    -O2       -DSPEC_CPU_LP64         newx1.f
/usr/bin/gfortran -c -o newx2.o    -O2       -DSPEC_CPU_LP64         newx2.f
/usr/bin/gfortran -c -o nudt.o    -O2       -DSPEC_CPU_LP64         nudt.f
/usr/bin/gfortran -c -o pdv.o    -O2       -DSPEC_CPU_LP64         pdv.f
/usr/bin/gfortran -c -o pdv_d.o    -O2       -DSPEC_CPU_LP64         pdv_d.f
/usr/bin/gfortran -c -o gpbv.o    -O2       -DSPEC_CPU_LP64         gpbv.f
/usr/bin/gfortran -c -o pressure.o    -O2       -DSPEC_CPU_LP64         pressure.f
/usr/bin/gfortran -c -o printd.o    -O2       -DSPEC_CPU_LP64         printd.f
/usr/bin/gfortran -c -o restart.o    -O2       -DSPEC_CPU_LP64         restart.f
/usr/bin/gfortran -c -o setup.o    -O2       -DSPEC_CPU_LP64         setup.f
/usr/bin/gfortran -c -o spenergy.o    -O2       -DSPEC_CPU_LP64         spenergy.f
/usr/bin/gfortran -c -o srcstep.o    -O2       -DSPEC_CPU_LP64         srcstep.f
/usr/bin/gfortran -c -o strtoi.o    -O2       -DSPEC_CPU_LP64         strtoi.f
/usr/bin/gfortran -c -o tslice.o    -O2       -DSPEC_CPU_LP64         tslice.f
/usr/bin/gfortran -c -o transprt.o    -O2       -DSPEC_CPU_LP64         transprt.f
/usr/bin/gfortran -c -o tranx1.o    -O2       -DSPEC_CPU_LP64         tranx1.f
/usr/bin/gfortran -c -o tranx2.o    -O2       -DSPEC_CPU_LP64         tranx2.f
/usr/bin/gfortran -c -o tranx3.o    -O2       -DSPEC_CPU_LP64         tranx3.f
specperl /home/kk/skpupil/dev/asterinas/regression/apps/speccpu2006/bin/specpp   -DSPEC_CPU -DNDEBUG -DSPEC_CPU_LP64   zeusmp.F -o zeusmp.fppized.f
/usr/bin/gfortran -c -o zeusmp.fppized.o    -O2       -DSPEC_CPU_LP64         zeusmp.fppized.f
/usr/bin/gfortran -c -o blast.o    -O2       -DSPEC_CPU_LP64         blast.f
/usr/bin/gfortran -c -o textdmp.o    -O2       -DSPEC_CPU_LP64         textdmp.f
/usr/bin/gfortran -c -o linpck.o    -O2       -DSPEC_CPU_LP64         linpck.f
/usr/bin/gfortran   -O2  -DSPEC_CPU_LP64        advx1.o advx2.o advx3.o avisc.o avisc_d.o bndyflgs.o bval3d.o bvalemf.o ct.o dataio.o diverg.o empty.o findno.o forces.o forces_d.o fourn.o ggen.o grdv.o hdfall.o hsmoc.o intchk.o lorentz.o lorentz_d.o maxmin.o mnmx.o momx1.o momx2.o momx3.o movie.o msave.o mstart.o newdt.o newgrid.o newvg.o newx1.o newx2.o nudt.o pdv.o pdv_d.o gpbv.o pressure.o printd.o restart.o setup.o spenergy.o srcstep.o strtoi.o tslice.o transprt.o tranx1.o tranx2.o tranx3.o zeusmp.fppized.o blast.o textdmp.o linpck.o                     -o zeusmp
