/usr/bin/gcc -c -o spec_main_live_pretend.o -DSPEC_CPU -DNDEBUG -I. -DSPEC_CPU -DHAVE_CONFIG_H -I. -Ilibutil    -O2        -DSPEC_CPU_LP64         spec_main_live_pretend.c
/usr/bin/gcc -c -o parse_args_file.o -DSPEC_CPU -DNDEBUG -I. -DSPEC_CPU -DHAVE_CONFIG_H -I. -Ilibutil    -O2        -DSPEC_CPU_LP64         parse_args_file.c
/usr/bin/gcc -c -o live.o -DSPEC_CPU -DNDEBUG -I. -DSPEC_CPU -DHAVE_CONFIG_H -I. -Ilibutil    -O2        -DSPEC_CPU_LP64         live.c
/usr/bin/gcc -c -o agc.o -DSPEC_CPU -DNDEBUG -I. -DSPEC_CPU -DHAVE_CONFIG_H -I. -Ilibutil    -O2        -DSPEC_CPU_LP64         agc.c
/usr/bin/gcc -c -o approx_cont_mgau.o -DSPEC_CPU -DNDEBUG -I. -DSPEC_CPU -DHAVE_CONFIG_H -I. -Ilibutil    -O2        -DSPEC_CPU_LP64         approx_cont_mgau.c
/usr/bin/gcc -c -o ascr.o -DSPEC_CPU -DNDEBUG -I. -DSPEC_CPU -DHAVE_CONFIG_H -I. -Ilibutil    -O2        -DSPEC_CPU_LP64         ascr.c
/usr/bin/gcc -c -o beam.o -DSPEC_CPU -DNDEBUG -I. -DSPEC_CPU -DHAVE_CONFIG_H -I. -Ilibutil    -O2        -DSPEC_CPU_LP64         beam.c
/usr/bin/gcc -c -o bio.o -DSPEC_CPU -DNDEBUG -I. -DSPEC_CPU -DHAVE_CONFIG_H -I. -Ilibutil    -O2        -DSPEC_CPU_LP64         bio.c
/usr/bin/gcc -c -o case.o -DSPEC_CPU -DNDEBUG -I. -DSPEC_CPU -DHAVE_CONFIG_H -I. -Ilibutil    -O2        -DSPEC_CPU_LP64         case.c
/usr/bin/gcc -c -o ckd_alloc.o -DSPEC_CPU -DNDEBUG -I. -DSPEC_CPU -DHAVE_CONFIG_H -I. -Ilibutil    -O2        -DSPEC_CPU_LP64         ckd_alloc.c
/usr/bin/gcc -c -o cmd_ln.o -DSPEC_CPU -DNDEBUG -I. -DSPEC_CPU -DHAVE_CONFIG_H -I. -Ilibutil    -O2        -DSPEC_CPU_LP64         cmd_ln.c
/usr/bin/gcc -c -o cmn.o -DSPEC_CPU -DNDEBUG -I. -DSPEC_CPU -DHAVE_CONFIG_H -I. -Ilibutil    -O2        -DSPEC_CPU_LP64         cmn.c
/usr/bin/gcc -c -o cmn_prior.o -DSPEC_CPU -DNDEBUG -I. -DSPEC_CPU -DHAVE_CONFIG_H -I. -Ilibutil    -O2        -DSPEC_CPU_LP64         cmn_prior.c
/usr/bin/gcc -c -o cont_mgau.o -DSPEC_CPU -DNDEBUG -I. -DSPEC_CPU -DHAVE_CONFIG_H -I. -Ilibutil    -O2        -DSPEC_CPU_LP64         cont_mgau.c
/usr/bin/gcc -c -o dict.o -DSPEC_CPU -DNDEBUG -I. -DSPEC_CPU -DHAVE_CONFIG_H -I. -Ilibutil    -O2        -DSPEC_CPU_LP64         dict.c
/usr/bin/gcc -c -o dict2pid.o -DSPEC_CPU -DNDEBUG -I. -DSPEC_CPU -DHAVE_CONFIG_H -I. -Ilibutil    -O2        -DSPEC_CPU_LP64         dict2pid.c
/usr/bin/gcc -c -o err.o -DSPEC_CPU -DNDEBUG -I. -DSPEC_CPU -DHAVE_CONFIG_H -I. -Ilibutil    -O2        -DSPEC_CPU_LP64         err.c
/usr/bin/gcc -c -o feat.o -DSPEC_CPU -DNDEBUG -I. -DSPEC_CPU -DHAVE_CONFIG_H -I. -Ilibutil    -O2        -DSPEC_CPU_LP64         feat.c
/usr/bin/gcc -c -o fillpen.o -DSPEC_CPU -DNDEBUG -I. -DSPEC_CPU -DHAVE_CONFIG_H -I. -Ilibutil    -O2        -DSPEC_CPU_LP64         fillpen.c
/usr/bin/gcc -c -o glist.o -DSPEC_CPU -DNDEBUG -I. -DSPEC_CPU -DHAVE_CONFIG_H -I. -Ilibutil    -O2        -DSPEC_CPU_LP64         glist.c
/usr/bin/gcc -c -o gs.o -DSPEC_CPU -DNDEBUG -I. -DSPEC_CPU -DHAVE_CONFIG_H -I. -Ilibutil    -O2        -DSPEC_CPU_LP64         gs.c
/usr/bin/gcc -c -o hash.o -DSPEC_CPU -DNDEBUG -I. -DSPEC_CPU -DHAVE_CONFIG_H -I. -Ilibutil    -O2        -DSPEC_CPU_LP64         hash.c
/usr/bin/gcc -c -o heap.o -DSPEC_CPU -DNDEBUG -I. -DSPEC_CPU -DHAVE_CONFIG_H -I. -Ilibutil    -O2        -DSPEC_CPU_LP64         heap.c
/usr/bin/gcc -c -o hmm.o -DSPEC_CPU -DNDEBUG -I. -DSPEC_CPU -DHAVE_CONFIG_H -I. -Ilibutil    -O2        -DSPEC_CPU_LP64         hmm.c
/usr/bin/gcc -c -o io.o -DSPEC_CPU -DNDEBUG -I. -DSPEC_CPU -DHAVE_CONFIG_H -I. -Ilibutil    -O2        -DSPEC_CPU_LP64         io.c
/usr/bin/gcc -c -o kb.o -DSPEC_CPU -DNDEBUG -I. -DSPEC_CPU -DHAVE_CONFIG_H -I. -Ilibutil    -O2        -DSPEC_CPU_LP64         kb.c
/usr/bin/gcc -c -o kbcore.o -DSPEC_CPU -DNDEBUG -I. -DSPEC_CPU -DHAVE_CONFIG_H -I. -Ilibutil    -O2        -DSPEC_CPU_LP64         kbcore.c
/usr/bin/gcc -c -o lextree.o -DSPEC_CPU -DNDEBUG -I. -DSPEC_CPU -DHAVE_CONFIG_H -I. -Ilibutil    -O2        -DSPEC_CPU_LP64         lextree.c
/usr/bin/gcc -c -o lm.o -DSPEC_CPU -DNDEBUG -I. -DSPEC_CPU -DHAVE_CONFIG_H -I. -Ilibutil    -O2        -DSPEC_CPU_LP64         lm.c
/usr/bin/gcc -c -o lmclass.o -DSPEC_CPU -DNDEBUG -I. -DSPEC_CPU -DHAVE_CONFIG_H -I. -Ilibutil    -O2        -DSPEC_CPU_LP64         lmclass.c
/usr/bin/gcc -c -o logs3.o -DSPEC_CPU -DNDEBUG -I. -DSPEC_CPU -DHAVE_CONFIG_H -I. -Ilibutil    -O2        -DSPEC_CPU_LP64         logs3.c
/usr/bin/gcc -c -o mdef.o -DSPEC_CPU -DNDEBUG -I. -DSPEC_CPU -DHAVE_CONFIG_H -I. -Ilibutil    -O2        -DSPEC_CPU_LP64         mdef.c
/usr/bin/gcc -c -o new_fe.o -DSPEC_CPU -DNDEBUG -I. -DSPEC_CPU -DHAVE_CONFIG_H -I. -Ilibutil    -O2        -DSPEC_CPU_LP64         new_fe.c
/usr/bin/gcc -c -o new_fe_sp.o -DSPEC_CPU -DNDEBUG -I. -DSPEC_CPU -DHAVE_CONFIG_H -I. -Ilibutil    -O2        -DSPEC_CPU_LP64         new_fe_sp.c
/usr/bin/gcc -c -o profile.o -DSPEC_CPU -DNDEBUG -I. -DSPEC_CPU -DHAVE_CONFIG_H -I. -Ilibutil    -O2        -DSPEC_CPU_LP64         profile.c
/usr/bin/gcc -c -o specrand.o -DSPEC_CPU -DNDEBUG -I. -DSPEC_CPU -DHAVE_CONFIG_H -I. -Ilibutil    -O2        -DSPEC_CPU_LP64         specrand.c
/usr/bin/gcc -c -o str2words.o -DSPEC_CPU -DNDEBUG -I. -DSPEC_CPU -DHAVE_CONFIG_H -I. -Ilibutil    -O2        -DSPEC_CPU_LP64         str2words.c
/usr/bin/gcc -c -o subvq.o -DSPEC_CPU -DNDEBUG -I. -DSPEC_CPU -DHAVE_CONFIG_H -I. -Ilibutil    -O2        -DSPEC_CPU_LP64         subvq.c
/usr/bin/gcc -c -o tmat.o -DSPEC_CPU -DNDEBUG -I. -DSPEC_CPU -DHAVE_CONFIG_H -I. -Ilibutil    -O2        -DSPEC_CPU_LP64         tmat.c
/usr/bin/gcc -c -o unlimit.o -DSPEC_CPU -DNDEBUG -I. -DSPEC_CPU -DHAVE_CONFIG_H -I. -Ilibutil    -O2        -DSPEC_CPU_LP64         unlimit.c
/usr/bin/gcc -c -o utt.o -DSPEC_CPU -DNDEBUG -I. -DSPEC_CPU -DHAVE_CONFIG_H -I. -Ilibutil    -O2        -DSPEC_CPU_LP64         utt.c
/usr/bin/gcc -c -o vector.o -DSPEC_CPU -DNDEBUG -I. -DSPEC_CPU -DHAVE_CONFIG_H -I. -Ilibutil    -O2        -DSPEC_CPU_LP64         vector.c
/usr/bin/gcc -c -o vithist.o -DSPEC_CPU -DNDEBUG -I. -DSPEC_CPU -DHAVE_CONFIG_H -I. -Ilibutil    -O2        -DSPEC_CPU_LP64         vithist.c
/usr/bin/gcc -c -o wid.o -DSPEC_CPU -DNDEBUG -I. -DSPEC_CPU -DHAVE_CONFIG_H -I. -Ilibutil    -O2        -DSPEC_CPU_LP64         wid.c
/usr/bin/gcc   -O2   -DSPEC_CPU_LP64        spec_main_live_pretend.o parse_args_file.o live.o agc.o approx_cont_mgau.o ascr.o beam.o bio.o case.o ckd_alloc.o cmd_ln.o cmn.o cmn_prior.o cont_mgau.o dict.o dict2pid.o err.o feat.o fillpen.o glist.o gs.o hash.o heap.o hmm.o io.o kb.o kbcore.o lextree.o lm.o lmclass.o logs3.o mdef.o new_fe.o new_fe_sp.o profile.o specrand.o str2words.o subvq.o tmat.o unlimit.o utt.o vector.o vithist.o wid.o             -lm        -o sphinx_livepretend
