FPP: specpp   -DSPEC_CPU -DNDEBUG -DSPEC_CPU_LP64   <source> -o <source>.fppized.f9x
P: CPUFLAGS="-DSPEC_CPU -DNDEBUG"
P: PORTABILITY="-DSPEC_CPU_LP64"
P: FPORTABILITY=""
P: CPORTABILITY=""
COMP: /usr/bin/gfortran -c -o options.o -ISPOOLES   -O2       -DSPEC_CPU_LP64         <source>
C: FC="/usr/bin/gfortran"
C: FOBJOPT="-c -o options"
P: CPUFLAGS="-DSPEC_CPU -DNDEBUG"
P: BENCH_FLAGS="-ISPOOLES"
P: BENCH_FFLAGS=""
O: OPTIMIZE=""
O: FOPTIMIZE="-O2"
P: PORTABILITY="-DSPEC_CPU_LP64"
P: FPORTABILITY=""
O: EXTRA_FFLAGS=""
O: EXTRA_OPTIMIZE=""
O: EXTRA_FOPTIMIZE=""
P: EXTRA_PORTABILITY=""
P: EXTRA_FPORTABILITY=""
COMP: /usr/bin/gcc -c -o options.o -DSPEC_CPU -DNDEBUG -ISPOOLES   -O2        -DSPEC_CPU_LP64         <source>
C: CC="/usr/bin/gcc"
C: COBJOPT="-c -o options"
P: CPUFLAGS="-DSPEC_CPU -DNDEBUG"
P: BENCH_FLAGS="-ISPOOLES"
P: BENCH_CFLAGS=""
O: OPTIMIZE=""
O: COPTIMIZE="-O2 "
P: PORTABILITY="-DSPEC_CPU_LP64"
P: CPORTABILITY=""
O: EXTRA_CFLAGS=""
O: EXTRA_OPTIMIZE=""
O: EXTRA_COPTIMIZE=""
P: EXTRA_PORTABILITY=""
P: EXTRA_CPORTABILITY=""
LINK: /usr/bin/gfortran   -O2  -DSPEC_CPU_LP64        <objects>   -lm        -o options
C: LD="/usr/bin/gfortran"
O: FOPTIMIZE="-O2"
P: PORTABILITY="-DSPEC_CPU_LP64"
C: MATH_LIBS="-lm"
C: LDOUT="-o options"
