FPP: specpp  -w -m literal.pm -I. -DINTIO -DIWORDSIZE=4  -DDWORDSIZE=8 -DRWORDSIZE=4 -DLWORDSIZE=4 -DNETCDF  -DTRIEDNTRUE -DLIMIT_ARGS -DEM_CORE=1  -DNMM_CORE=0 -DNMM_MAX_DIM=1000 -DCOAMPS_CORE=0  -DEXP_CORE=0 -DF90_STANDALONE -DCONFIG_BUF_LEN=8192 -DMAX_DOMAINS_F=21 -DNO_NAMELIST_PRINT -DSPEC_CPU -DNDEBUG -DSPEC_CPU_LP64 -DSPEC_CPU_CASE_FLAG -DSPEC_CPU_LINUX   <source> -o <source>.fppized.f9x
P: BENCH_FPPFLAGS="-w -m literal.pm -I. -DINTIO -DIWORDSIZE=4  -DDWORDSIZE=8 -DRWORDSIZE=4 -DLWORDSIZE=4 -DNETCDF  -DTRIEDNTRUE -DLIMIT_ARGS -DEM_CORE=1  -DNMM_CORE=0 -DNMM_MAX_DIM=1000 -DCOAMPS_CORE=0  -DEXP_CORE=0 -DF90_STANDALONE -DCONFIG_BUF_LEN=8192 -DMAX_DOMAINS_F=21 -DNO_NAMELIST_PRINT"
P: CPUFLAGS="-DSPEC_CPU -DNDEBUG"
P: PORTABILITY="-DSPEC_CPU_LP64"
P: FPORTABILITY=""
P: CPORTABILITY="-DSPEC_CPU_CASE_FLAG -DSPEC_CPU_LINUX"
COMP: /usr/bin/gfortran -c -o options.o -I. -I./netcdf/include   -O2       -DSPEC_CPU_LP64 -std=legacy        <source>
C: FC="/usr/bin/gfortran"
C: FOBJOPT="-c -o options"
P: CPUFLAGS="-DSPEC_CPU -DNDEBUG"
P: BENCH_FLAGS="-I. -I./netcdf/include"
P: BENCH_FFLAGS=""
O: OPTIMIZE=""
O: FOPTIMIZE="-O2"
P: PORTABILITY="-DSPEC_CPU_LP64"
P: FPORTABILITY="-std=legacy"
O: EXTRA_FFLAGS=""
O: EXTRA_OPTIMIZE=""
O: EXTRA_FOPTIMIZE=""
P: EXTRA_PORTABILITY=""
P: EXTRA_FPORTABILITY=""
COMP: /usr/bin/gcc -c -o options.o -DSPEC_CPU -DNDEBUG -I. -I./netcdf/include   -O2        -DSPEC_CPU_LP64 -DSPEC_CPU_CASE_FLAG -DSPEC_CPU_LINUX        <source>
C: CC="/usr/bin/gcc"
C: COBJOPT="-c -o options"
P: CPUFLAGS="-DSPEC_CPU -DNDEBUG"
P: BENCH_FLAGS="-I. -I./netcdf/include"
P: BENCH_CFLAGS=""
O: OPTIMIZE=""
O: COPTIMIZE="-O2 "
P: PORTABILITY="-DSPEC_CPU_LP64"
P: CPORTABILITY="-DSPEC_CPU_CASE_FLAG -DSPEC_CPU_LINUX"
O: EXTRA_CFLAGS=""
O: EXTRA_OPTIMIZE=""
O: EXTRA_COPTIMIZE=""
P: EXTRA_PORTABILITY=""
P: EXTRA_CPORTABILITY=""
LINK: /usr/bin/gfortran   -O2  -DSPEC_CPU_LP64 -std=legacy       <objects>           -o options
C: LD="/usr/bin/gfortran"
O: FOPTIMIZE="-O2"
P: PORTABILITY="-DSPEC_CPU_LP64"
P: FPORTABILITY="-std=legacy"
C: LDOUT="-o options"
