/usr/bin/gcc -c -o alloca.o -DSPEC_CPU -DNDEBUG -I.   -O2        -DSPEC_CPU_LP64         alloca.c
/usr/bin/gcc -c -o asprintf.o -DSPEC_CPU -DNDEBUG -I.   -O2        -DSPEC_CPU_LP64         asprintf.c
/usr/bin/gcc -c -o vasprintf.o -DSPEC_CPU -DNDEBUG -I.   -O2        -DSPEC_CPU_LP64         vasprintf.c
/usr/bin/gcc -c -o c-parse.o -DSPEC_CPU -DNDEBUG -I.   -O2        -DSPEC_CPU_LP64         c-parse.c
/usr/bin/gcc -c -o c-lang.o -DSPEC_CPU -DNDEBUG -I.   -O2        -DSPEC_CPU_LP64         c-lang.c
/usr/bin/gcc -c -o attribs.o -DSPEC_CPU -DNDEBUG -I.   -O2        -DSPEC_CPU_LP64         attribs.c
/usr/bin/gcc -c -o c-errors.o -DSPEC_CPU -DNDEBUG -I.   -O2        -DSPEC_CPU_LP64         c-errors.c
/usr/bin/gcc -c -o c-lex.o -DSPEC_CPU -DNDEBUG -I.   -O2        -DSPEC_CPU_LP64         c-lex.c
/usr/bin/gcc -c -o c-pragma.o -DSPEC_CPU -DNDEBUG -I.   -O2        -DSPEC_CPU_LP64         c-pragma.c
/usr/bin/gcc -c -o c-decl.o -DSPEC_CPU -DNDEBUG -I.   -O2        -DSPEC_CPU_LP64         c-decl.c
/usr/bin/gcc -c -o c-typeck.o -DSPEC_CPU -DNDEBUG -I.   -O2        -DSPEC_CPU_LP64         c-typeck.c
/usr/bin/gcc -c -o c-convert.o -DSPEC_CPU -DNDEBUG -I.   -O2        -DSPEC_CPU_LP64         c-convert.c
/usr/bin/gcc -c -o c-aux-info.o -DSPEC_CPU -DNDEBUG -I.   -O2        -DSPEC_CPU_LP64         c-aux-info.c
/usr/bin/gcc -c -o c-common.o -DSPEC_CPU -DNDEBUG -I.   -O2        -DSPEC_CPU_LP64         c-common.c
/usr/bin/gcc -c -o c-format.o -DSPEC_CPU -DNDEBUG -I.   -O2        -DSPEC_CPU_LP64         c-format.c
/usr/bin/gcc -c -o c-semantics.o -DSPEC_CPU -DNDEBUG -I.   -O2        -DSPEC_CPU_LP64         c-semantics.c
/usr/bin/gcc -c -o c-objc-common.o -DSPEC_CPU -DNDEBUG -I.   -O2        -DSPEC_CPU_LP64         c-objc-common.c
/usr/bin/gcc -c -o main.o -DSPEC_CPU -DNDEBUG -I.   -O2        -DSPEC_CPU_LP64         main.c
/usr/bin/gcc -c -o cpplib.o -DSPEC_CPU -DNDEBUG -I.   -O2        -DSPEC_CPU_LP64         cpplib.c
/usr/bin/gcc -c -o cpplex.o -DSPEC_CPU -DNDEBUG -I.   -O2        -DSPEC_CPU_LP64         cpplex.c
/usr/bin/gcc -c -o cppmacro.o -DSPEC_CPU -DNDEBUG -I.   -O2        -DSPEC_CPU_LP64         cppmacro.c
/usr/bin/gcc -c -o cppexp.o -DSPEC_CPU -DNDEBUG -I.   -O2        -DSPEC_CPU_LP64         cppexp.c
/usr/bin/gcc -c -o cppfiles.o -DSPEC_CPU -DNDEBUG -I.   -O2        -DSPEC_CPU_LP64         cppfiles.c
/usr/bin/gcc -c -o cpphash.o -DSPEC_CPU -DNDEBUG -I.   -O2        -DSPEC_CPU_LP64         cpphash.c
/usr/bin/gcc -c -o cpperror.o -DSPEC_CPU -DNDEBUG -I.   -O2        -DSPEC_CPU_LP64         cpperror.c
/usr/bin/gcc -c -o cppinit.o -DSPEC_CPU -DNDEBUG -I.   -O2        -DSPEC_CPU_LP64         cppinit.c
/usr/bin/gcc -c -o cppdefault.o -DSPEC_CPU -DNDEBUG -I.   -O2        -DSPEC_CPU_LP64         cppdefault.c
/usr/bin/gcc -c -o line-map.o -DSPEC_CPU -DNDEBUG -I.   -O2        -DSPEC_CPU_LP64         line-map.c
/usr/bin/gcc -c -o mkdeps.o -DSPEC_CPU -DNDEBUG -I.   -O2        -DSPEC_CPU_LP64         mkdeps.c
/usr/bin/gcc -c -o prefix.o -DSPEC_CPU -DNDEBUG -I.   -O2        -DSPEC_CPU_LP64         prefix.c
/usr/bin/gcc -c -o version.o -DSPEC_CPU -DNDEBUG -I.   -O2        -DSPEC_CPU_LP64         version.c
/usr/bin/gcc -c -o mbchar.o -DSPEC_CPU -DNDEBUG -I.   -O2        -DSPEC_CPU_LP64         mbchar.c
/usr/bin/gcc -c -o alias.o -DSPEC_CPU -DNDEBUG -I.   -O2        -DSPEC_CPU_LP64         alias.c
/usr/bin/gcc -c -o bb-reorder.o -DSPEC_CPU -DNDEBUG -I.   -O2        -DSPEC_CPU_LP64         bb-reorder.c
/usr/bin/gcc -c -o bitmap.o -DSPEC_CPU -DNDEBUG -I.   -O2        -DSPEC_CPU_LP64         bitmap.c
/usr/bin/gcc -c -o builtins.o -DSPEC_CPU -DNDEBUG -I.   -O2        -DSPEC_CPU_LP64         builtins.c
/usr/bin/gcc -c -o caller-save.o -DSPEC_CPU -DNDEBUG -I.   -O2        -DSPEC_CPU_LP64         caller-save.c
/usr/bin/gcc -c -o calls.o -DSPEC_CPU -DNDEBUG -I.   -O2        -DSPEC_CPU_LP64         calls.c
/usr/bin/gcc -c -o cfg.o -DSPEC_CPU -DNDEBUG -I.   -O2        -DSPEC_CPU_LP64         cfg.c
/usr/bin/gcc -c -o cfganal.o -DSPEC_CPU -DNDEBUG -I.   -O2        -DSPEC_CPU_LP64         cfganal.c
/usr/bin/gcc -c -o cfgbuild.o -DSPEC_CPU -DNDEBUG -I.   -O2        -DSPEC_CPU_LP64         cfgbuild.c
/usr/bin/gcc -c -o cfgcleanup.o -DSPEC_CPU -DNDEBUG -I.   -O2        -DSPEC_CPU_LP64         cfgcleanup.c
/usr/bin/gcc -c -o cfglayout.o -DSPEC_CPU -DNDEBUG -I.   -O2        -DSPEC_CPU_LP64         cfglayout.c
/usr/bin/gcc -c -o cfgloop.o -DSPEC_CPU -DNDEBUG -I.   -O2        -DSPEC_CPU_LP64         cfgloop.c
/usr/bin/gcc -c -o cfgrtl.o -DSPEC_CPU -DNDEBUG -I.   -O2        -DSPEC_CPU_LP64         cfgrtl.c
/usr/bin/gcc -c -o combine.o -DSPEC_CPU -DNDEBUG -I.   -O2        -DSPEC_CPU_LP64         combine.c
/usr/bin/gcc -c -o conflict.o -DSPEC_CPU -DNDEBUG -I.   -O2        -DSPEC_CPU_LP64         conflict.c
/usr/bin/gcc -c -o convert.o -DSPEC_CPU -DNDEBUG -I.   -O2        -DSPEC_CPU_LP64         convert.c
/usr/bin/gcc -c -o cse.o -DSPEC_CPU -DNDEBUG -I.   -O2        -DSPEC_CPU_LP64         cse.c
/usr/bin/gcc -c -o cselib.o -DSPEC_CPU -DNDEBUG -I.   -O2        -DSPEC_CPU_LP64         cselib.c
/usr/bin/gcc -c -o dbxout.o -DSPEC_CPU -DNDEBUG -I.   -O2        -DSPEC_CPU_LP64         dbxout.c
/usr/bin/gcc -c -o debug.o -DSPEC_CPU -DNDEBUG -I.   -O2        -DSPEC_CPU_LP64         debug.c
/usr/bin/gcc -c -o dependence.o -DSPEC_CPU -DNDEBUG -I.   -O2        -DSPEC_CPU_LP64         dependence.c
/usr/bin/gcc -c -o df.o -DSPEC_CPU -DNDEBUG -I.   -O2        -DSPEC_CPU_LP64         df.c
/usr/bin/gcc -c -o diagnostic.o -DSPEC_CPU -DNDEBUG -I.   -O2        -DSPEC_CPU_LP64         diagnostic.c
/usr/bin/gcc -c -o doloop.o -DSPEC_CPU -DNDEBUG -I.   -O2        -DSPEC_CPU_LP64         doloop.c
/usr/bin/gcc -c -o dominance.o -DSPEC_CPU -DNDEBUG -I.   -O2        -DSPEC_CPU_LP64         dominance.c
/usr/bin/gcc -c -o dwarf2asm.o -DSPEC_CPU -DNDEBUG -I.   -O2        -DSPEC_CPU_LP64         dwarf2asm.c
/usr/bin/gcc -c -o dwarf2out.o -DSPEC_CPU -DNDEBUG -I.   -O2        -DSPEC_CPU_LP64         dwarf2out.c
/usr/bin/gcc -c -o dwarfout.o -DSPEC_CPU -DNDEBUG -I.   -O2        -DSPEC_CPU_LP64         dwarfout.c
/usr/bin/gcc -c -o emit-rtl.o -DSPEC_CPU -DNDEBUG -I.   -O2        -DSPEC_CPU_LP64         emit-rtl.c
/usr/bin/gcc -c -o except.o -DSPEC_CPU -DNDEBUG -I.   -O2        -DSPEC_CPU_LP64         except.c
/usr/bin/gcc -c -o explow.o -DSPEC_CPU -DNDEBUG -I.   -O2        -DSPEC_CPU_LP64         explow.c
/usr/bin/gcc -c -o expmed.o -DSPEC_CPU -DNDEBUG -I.   -O2        -DSPEC_CPU_LP64         expmed.c
/usr/bin/gcc -c -o expr.o -DSPEC_CPU -DNDEBUG -I.   -O2        -DSPEC_CPU_LP64         expr.c
/usr/bin/gcc -c -o final.o -DSPEC_CPU -DNDEBUG -I.   -O2        -DSPEC_CPU_LP64         final.c
/usr/bin/gcc -c -o flow.o -DSPEC_CPU -DNDEBUG -I.   -O2        -DSPEC_CPU_LP64         flow.c
/usr/bin/gcc -c -o fold-const.o -DSPEC_CPU -DNDEBUG -I.   -O2        -DSPEC_CPU_LP64         fold-const.c
/usr/bin/gcc -c -o function.o -DSPEC_CPU -DNDEBUG -I.   -O2        -DSPEC_CPU_LP64         function.c
/usr/bin/gcc -c -o gcse.o -DSPEC_CPU -DNDEBUG -I.   -O2        -DSPEC_CPU_LP64         gcse.c
/usr/bin/gcc -c -o genrtl.o -DSPEC_CPU -DNDEBUG -I.   -O2        -DSPEC_CPU_LP64         genrtl.c
/usr/bin/gcc -c -o ggc-common.o -DSPEC_CPU -DNDEBUG -I.   -O2        -DSPEC_CPU_LP64         ggc-common.c
/usr/bin/gcc -c -o global.o -DSPEC_CPU -DNDEBUG -I.   -O2        -DSPEC_CPU_LP64         global.c
/usr/bin/gcc -c -o graph.o -DSPEC_CPU -DNDEBUG -I.   -O2        -DSPEC_CPU_LP64         graph.c
/usr/bin/gcc -c -o haifa-sched.o -DSPEC_CPU -DNDEBUG -I.   -O2        -DSPEC_CPU_LP64         haifa-sched.c
/usr/bin/gcc -c -o hash.o -DSPEC_CPU -DNDEBUG -I.   -O2        -DSPEC_CPU_LP64         hash.c
/usr/bin/gcc -c -o hashtable.o -DSPEC_CPU -DNDEBUG -I.   -O2        -DSPEC_CPU_LP64         hashtable.c
/usr/bin/gcc -c -o hooks.o -DSPEC_CPU -DNDEBUG -I.   -O2        -DSPEC_CPU_LP64         hooks.c
/usr/bin/gcc -c -o ifcvt.o -DSPEC_CPU -DNDEBUG -I.   -O2        -DSPEC_CPU_LP64         ifcvt.c
/usr/bin/gcc -c -o insn-attrtab.o -DSPEC_CPU -DNDEBUG -I.   -O2        -DSPEC_CPU_LP64         insn-attrtab.c
/usr/bin/gcc -c -o insn-emit.o -DSPEC_CPU -DNDEBUG -I.   -O2        -DSPEC_CPU_LP64         insn-emit.c
/usr/bin/gcc -c -o insn-extract.o -DSPEC_CPU -DNDEBUG -I.   -O2        -DSPEC_CPU_LP64         insn-extract.c
/usr/bin/gcc -c -o insn-opinit.o -DSPEC_CPU -DNDEBUG -I.   -O2        -DSPEC_CPU_LP64         insn-opinit.c
/usr/bin/gcc -c -o insn-output.o -DSPEC_CPU -DNDEBUG -I.   -O2        -DSPEC_CPU_LP64         insn-output.c
/usr/bin/gcc -c -o insn-peep.o -DSPEC_CPU -DNDEBUG -I.   -O2        -DSPEC_CPU_LP64         insn-peep.c
/usr/bin/gcc -c -o insn-recog.o -DSPEC_CPU -DNDEBUG -I.   -O2        -DSPEC_CPU_LP64         insn-recog.c
/usr/bin/gcc -c -o integrate.o -DSPEC_CPU -DNDEBUG -I.   -O2        -DSPEC_CPU_LP64         integrate.c
/usr/bin/gcc -c -o intl.o -DSPEC_CPU -DNDEBUG -I.   -O2        -DSPEC_CPU_LP64         intl.c
/usr/bin/gcc -c -o jump.o -DSPEC_CPU -DNDEBUG -I.   -O2        -DSPEC_CPU_LP64         jump.c
/usr/bin/gcc -c -o langhooks.o -DSPEC_CPU -DNDEBUG -I.   -O2        -DSPEC_CPU_LP64         langhooks.c
/usr/bin/gcc -c -o lcm.o -DSPEC_CPU -DNDEBUG -I.   -O2        -DSPEC_CPU_LP64         lcm.c
/usr/bin/gcc -c -o lists.o -DSPEC_CPU -DNDEBUG -I.   -O2        -DSPEC_CPU_LP64         lists.c
/usr/bin/gcc -c -o local-alloc.o -DSPEC_CPU -DNDEBUG -I.   -O2        -DSPEC_CPU_LP64         local-alloc.c
/usr/bin/gcc -c -o loop.o -DSPEC_CPU -DNDEBUG -I.   -O2        -DSPEC_CPU_LP64         loop.c
/usr/bin/gcc -c -o obstack.o -DSPEC_CPU -DNDEBUG -I.   -O2        -DSPEC_CPU_LP64         obstack.c
/usr/bin/gcc -c -o optabs.o -DSPEC_CPU -DNDEBUG -I.   -O2        -DSPEC_CPU_LP64         optabs.c
/usr/bin/gcc -c -o params.o -DSPEC_CPU -DNDEBUG -I.   -O2        -DSPEC_CPU_LP64         params.c
/usr/bin/gcc -c -o predict.o -DSPEC_CPU -DNDEBUG -I.   -O2        -DSPEC_CPU_LP64         predict.c
/usr/bin/gcc -c -o print-rtl.o -DSPEC_CPU -DNDEBUG -I.   -O2        -DSPEC_CPU_LP64         print-rtl.c
/usr/bin/gcc -c -o print-tree.o -DSPEC_CPU -DNDEBUG -I.   -O2        -DSPEC_CPU_LP64         print-tree.c
/usr/bin/gcc -c -o profile.o -DSPEC_CPU -DNDEBUG -I.   -O2        -DSPEC_CPU_LP64         profile.c
/usr/bin/gcc -c -o real.o -DSPEC_CPU -DNDEBUG -I.   -O2        -DSPEC_CPU_LP64         real.c
/usr/bin/gcc -c -o recog.o -DSPEC_CPU -DNDEBUG -I.   -O2        -DSPEC_CPU_LP64         recog.c
/usr/bin/gcc -c -o reg-stack.o -DSPEC_CPU -DNDEBUG -I.   -O2        -DSPEC_CPU_LP64         reg-stack.c
/usr/bin/gcc -c -o regclass.o -DSPEC_CPU -DNDEBUG -I.   -O2        -DSPEC_CPU_LP64         regclass.c
/usr/bin/gcc -c -o regmove.o -DSPEC_CPU -DNDEBUG -I.   -O2        -DSPEC_CPU_LP64         regmove.c
/usr/bin/gcc -c -o regrename.o -DSPEC_CPU -DNDEBUG -I.   -O2        -DSPEC_CPU_LP64         regrename.c
/usr/bin/gcc -c -o reload.o -DSPEC_CPU -DNDEBUG -I.   -O2        -DSPEC_CPU_LP64         reload.c
/usr/bin/gcc -c -o reload1.o -DSPEC_CPU -DNDEBUG -I.   -O2        -DSPEC_CPU_LP64         reload1.c
/usr/bin/gcc -c -o reorg.o -DSPEC_CPU -DNDEBUG -I.   -O2        -DSPEC_CPU_LP64         reorg.c
/usr/bin/gcc -c -o resource.o -DSPEC_CPU -DNDEBUG -I.   -O2        -DSPEC_CPU_LP64         resource.c
/usr/bin/gcc -c -o rtl.o -DSPEC_CPU -DNDEBUG -I.   -O2        -DSPEC_CPU_LP64         rtl.c
/usr/bin/gcc -c -o rtlanal.o -DSPEC_CPU -DNDEBUG -I.   -O2        -DSPEC_CPU_LP64         rtlanal.c
/usr/bin/gcc -c -o rtl-error.o -DSPEC_CPU -DNDEBUG -I.   -O2        -DSPEC_CPU_LP64         rtl-error.c
/usr/bin/gcc -c -o sbitmap.o -DSPEC_CPU -DNDEBUG -I.   -O2        -DSPEC_CPU_LP64         sbitmap.c
/usr/bin/gcc -c -o sched-deps.o -DSPEC_CPU -DNDEBUG -I.   -O2        -DSPEC_CPU_LP64         sched-deps.c
/usr/bin/gcc -c -o sched-ebb.o -DSPEC_CPU -DNDEBUG -I.   -O2        -DSPEC_CPU_LP64         sched-ebb.c
/usr/bin/gcc -c -o sched-rgn.o -DSPEC_CPU -DNDEBUG -I.   -O2        -DSPEC_CPU_LP64         sched-rgn.c
/usr/bin/gcc -c -o sched-vis.o -DSPEC_CPU -DNDEBUG -I.   -O2        -DSPEC_CPU_LP64         sched-vis.c
/usr/bin/gcc -c -o sdbout.o -DSPEC_CPU -DNDEBUG -I.   -O2        -DSPEC_CPU_LP64         sdbout.c
/usr/bin/gcc -c -o sibcall.o -DSPEC_CPU -DNDEBUG -I.   -O2        -DSPEC_CPU_LP64         sibcall.c
/usr/bin/gcc -c -o simplify-rtx.o -DSPEC_CPU -DNDEBUG -I.   -O2        -DSPEC_CPU_LP64         simplify-rtx.c
/usr/bin/gcc -c -o ssa.o -DSPEC_CPU -DNDEBUG -I.   -O2        -DSPEC_CPU_LP64         ssa.c
/usr/bin/gcc -c -o ssa-ccp.o -DSPEC_CPU -DNDEBUG -I.   -O2        -DSPEC_CPU_LP64         ssa-ccp.c
/usr/bin/gcc -c -o ssa-dce.o -DSPEC_CPU -DNDEBUG -I.   -O2        -DSPEC_CPU_LP64         ssa-dce.c
/usr/bin/gcc -c -o stmt.o -DSPEC_CPU -DNDEBUG -I.   -O2        -DSPEC_CPU_LP64         stmt.c
/usr/bin/gcc -c -o stor-layout.o -DSPEC_CPU -DNDEBUG -I.   -O2        -DSPEC_CPU_LP64         stor-layout.c
/usr/bin/gcc -c -o stringpool.o -DSPEC_CPU -DNDEBUG -I.   -O2        -DSPEC_CPU_LP64         stringpool.c
/usr/bin/gcc -c -o timevar.o -DSPEC_CPU -DNDEBUG -I.   -O2        -DSPEC_CPU_LP64         timevar.c
/usr/bin/gcc -c -o toplev.o -DSPEC_CPU -DNDEBUG -I.   -O2        -DSPEC_CPU_LP64         toplev.c
/usr/bin/gcc -c -o tree.o -DSPEC_CPU -DNDEBUG -I.   -O2        -DSPEC_CPU_LP64         tree.c
/usr/bin/gcc -c -o tree-dump.o -DSPEC_CPU -DNDEBUG -I.   -O2        -DSPEC_CPU_LP64         tree-dump.c
/usr/bin/gcc -c -o tree-inline.o -DSPEC_CPU -DNDEBUG -I.   -O2        -DSPEC_CPU_LP64         tree-inline.c
/usr/bin/gcc -c -o unroll.o -DSPEC_CPU -DNDEBUG -I.   -O2        -DSPEC_CPU_LP64         unroll.c
/usr/bin/gcc -c -o varasm.o -DSPEC_CPU -DNDEBUG -I.   -O2        -DSPEC_CPU_LP64         varasm.c
/usr/bin/gcc -c -o varray.o -DSPEC_CPU -DNDEBUG -I.   -O2        -DSPEC_CPU_LP64         varray.c
/usr/bin/gcc -c -o vmsdbgout.o -DSPEC_CPU -DNDEBUG -I.   -O2        -DSPEC_CPU_LP64         vmsdbgout.c
/usr/bin/gcc -c -o xcoffout.o -DSPEC_CPU -DNDEBUG -I.   -O2        -DSPEC_CPU_LP64         xcoffout.c
/usr/bin/gcc -c -o ggc-page.o -DSPEC_CPU -DNDEBUG -I.   -O2        -DSPEC_CPU_LP64         ggc-page.c
/usr/bin/gcc -c -o i386.o -DSPEC_CPU -DNDEBUG -I.   -O2        -DSPEC_CPU_LP64         i386.c
/usr/bin/gcc -c -o xmalloc.o -DSPEC_CPU -DNDEBUG -I.   -O2        -DSPEC_CPU_LP64         xmalloc.c
/usr/bin/gcc -c -o xexit.o -DSPEC_CPU -DNDEBUG -I.   -O2        -DSPEC_CPU_LP64         xexit.c
/usr/bin/gcc -c -o hashtab.o -DSPEC_CPU -DNDEBUG -I.   -O2        -DSPEC_CPU_LP64         hashtab.c
/usr/bin/gcc -c -o safe-ctype.o -DSPEC_CPU -DNDEBUG -I.   -O2        -DSPEC_CPU_LP64         safe-ctype.c
/usr/bin/gcc -c -o splay-tree.o -DSPEC_CPU -DNDEBUG -I.   -O2        -DSPEC_CPU_LP64         splay-tree.c
/usr/bin/gcc -c -o xstrdup.o -DSPEC_CPU -DNDEBUG -I.   -O2        -DSPEC_CPU_LP64         xstrdup.c
/usr/bin/gcc -c -o md5.o -DSPEC_CPU -DNDEBUG -I.   -O2        -DSPEC_CPU_LP64         md5.c
/usr/bin/gcc -c -o fibheap.o -DSPEC_CPU -DNDEBUG -I.   -O2        -DSPEC_CPU_LP64         fibheap.c
/usr/bin/gcc -c -o xstrerror.o -DSPEC_CPU -DNDEBUG -I.   -O2        -DSPEC_CPU_LP64         xstrerror.c
/usr/bin/gcc -c -o concat.o -DSPEC_CPU -DNDEBUG -I.   -O2        -DSPEC_CPU_LP64         concat.c
/usr/bin/gcc -c -o partition.o -DSPEC_CPU -DNDEBUG -I.   -O2        -DSPEC_CPU_LP64         partition.c
/usr/bin/gcc -c -o hex.o -DSPEC_CPU -DNDEBUG -I.   -O2        -DSPEC_CPU_LP64         hex.c
/usr/bin/gcc -c -o lbasename.o -DSPEC_CPU -DNDEBUG -I.   -O2        -DSPEC_CPU_LP64         lbasename.c
/usr/bin/gcc -c -o getpwd.o -DSPEC_CPU -DNDEBUG -I.   -O2        -DSPEC_CPU_LP64         getpwd.c
/usr/bin/gcc -c -o ucbqsort.o -DSPEC_CPU -DNDEBUG -I.   -O2        -DSPEC_CPU_LP64         ucbqsort.c
/usr/bin/gcc   -O2   -DSPEC_CPU_LP64        alloca.o asprintf.o vasprintf.o c-parse.o c-lang.o attribs.o c-errors.o c-lex.o c-pragma.o c-decl.o c-typeck.o c-convert.o c-aux-info.o c-common.o c-format.o c-semantics.o c-objc-common.o main.o cpplib.o cpplex.o cppmacro.o cppexp.o cppfiles.o cpphash.o cpperror.o cppinit.o cppdefault.o line-map.o mkdeps.o prefix.o version.o mbchar.o alias.o bb-reorder.o bitmap.o builtins.o caller-save.o calls.o cfg.o cfganal.o cfgbuild.o cfgcleanup.o cfglayout.o cfgloop.o cfgrtl.o combine.o conflict.o convert.o cse.o cselib.o dbxout.o debug.o dependence.o df.o diagnostic.o doloop.o dominance.o dwarf2asm.o dwarf2out.o dwarfout.o emit-rtl.o except.o explow.o expmed.o expr.o final.o flow.o fold-const.o function.o gcse.o genrtl.o ggc-common.o global.o graph.o haifa-sched.o hash.o hashtable.o hooks.o ifcvt.o insn-attrtab.o insn-emit.o insn-extract.o insn-opinit.o insn-output.o insn-peep.o insn-recog.o integrate.o intl.o jump.o langhooks.o lcm.o lists.o local-alloc.o loop.o obstack.o optabs.o params.o predict.o print-rtl.o print-tree.o profile.o real.o recog.o reg-stack.o regclass.o regmove.o regrename.o reload.o reload1.o reorg.o resource.o rtl.o rtlanal.o rtl-error.o sbitmap.o sched-deps.o sched-ebb.o sched-rgn.o sched-vis.o sdbout.o sibcall.o simplify-rtx.o ssa.o ssa-ccp.o ssa-dce.o stmt.o stor-layout.o stringpool.o timevar.o toplev.o tree.o tree-dump.o tree-inline.o unroll.o varasm.o varray.o vmsdbgout.o xcoffout.o ggc-page.o i386.o xmalloc.o xexit.o hashtab.o safe-ctype.o splay-tree.o xstrdup.o md5.o fibheap.o xstrerror.o concat.o partition.o hex.o lbasename.o getpwd.o ucbqsort.o             -lm        -o gcc
